{"total": {"lines":{"total":3303,"covered":2592,"skipped":0,"pct":78.47},"statements":{"total":3480,"covered":2718,"skipped":0,"pct":78.1},"functions":{"total":1114,"covered":889,"skipped":0,"pct":79.8},"branches":{"total":2652,"covered":1834,"skipped":0,"pct":69.15},"branchesTrue":{"total":0,"covered":0,"skipped":0,"pct":100}}
,"/home/arch/godtier-shorts/frontend/build/manualChunks.ts": {"lines":{"total":6,"covered":6,"skipped":0,"pct":100},"functions":{"total":2,"covered":2,"skipped":0,"pct":100},"statements":{"total":7,"covered":7,"skipped":0,"pct":100},"branches":{"total":2,"covered":2,"skipped":0,"pct":100}}
,"/home/arch/godtier-shorts/frontend/build/watchConfig.ts": {"lines":{"total":10,"covered":10,"skipped":0,"pct":100},"functions":{"total":3,"covered":3,"skipped":0,"pct":100},"statements":{"total":10,"covered":10,"skipped":0,"pct":100},"branches":{"total":13,"covered":13,"skipped":0,"pct":100}}
,"/home/arch/godtier-shorts/frontend/src/App.tsx": {"lines":{"total":4,"covered":3,"skipped":0,"pct":75},"functions":{"total":2,"covered":1,"skipped":0,"pct":50},"statements":{"total":4,"covered":3,"skipped":0,"pct":75},"branches":{"total":12,"covered":6,"skipped":0,"pct":50}}
,"/home/arch/godtier-shorts/frontend/src/config.ts": {"lines":{"total":19,"covered":17,"skipped":0,"pct":89.47},"functions":{"total":2,"covered":2,"skipped":0,"pct":100},"statements":{"total":19,"covered":17,"skipped":0,"pct":89.47},"branches":{"total":20,"covered":12,"skipped":0,"pct":60}}
,"/home/arch/godtier-shorts/frontend/src/api/client.helpers.ts": {"lines":{"total":29,"covered":28,"skipped":0,"pct":96.55},"functions":{"total":7,"covered":7,"skipped":0,"pct":100},"statements":{"total":29,"covered":28,"skipped":0,"pct":96.55},"branches":{"total":36,"covered":30,"skipped":0,"pct":83.33}}
,"/home/arch/godtier-shorts/frontend/src/api/client.ts": {"lines":{"total":227,"covered":131,"skipped":0,"pct":57.7},"functions":{"total":68,"covered":33,"skipped":0,"pct":48.52},"statements":{"total":229,"covered":132,"skipped":0,"pct":57.64},"branches":{"total":178,"covered":72,"skipped":0,"pct":40.44}}
,"/home/arch/godtier-shorts/frontend/src/api/errors.ts": {"lines":{"total":11,"covered":10,"skipped":0,"pct":90.9},"functions":{"total":4,"covered":3,"skipped":0,"pct":75},"statements":{"total":11,"covered":10,"skipped":0,"pct":90.9},"branches":{"total":7,"covered":5,"skipped":0,"pct":71.42}}
,"/home/arch/godtier-shorts/frontend/src/app/helpers.ts": {"lines":{"total":10,"covered":9,"skipped":0,"pct":90},"functions":{"total":3,"covered":3,"skipped":0,"pct":100},"statements":{"total":10,"covered":9,"skipped":0,"pct":90},"branches":{"total":10,"covered":9,"skipped":0,"pct":90}}
,"/home/arch/godtier-shorts/frontend/src/app/lazyComponents.ts": {"lines":{"total":7,"covered":7,"skipped":0,"pct":100},"functions":{"total":7,"covered":7,"skipped":0,"pct":100},"statements":{"total":11,"covered":11,"skipped":0,"pct":100},"branches":{"total":0,"covered":0,"skipped":0,"pct":100}}
,"/home/arch/godtier-shorts/frontend/src/app/sections.tsx": {"lines":{"total":25,"covered":24,"skipped":0,"pct":96},"functions":{"total":15,"covered":14,"skipped":0,"pct":93.33},"statements":{"total":25,"covered":24,"skipped":0,"pct":96},"branches":{"total":16,"covered":14,"skipped":0,"pct":87.5}}
,"/home/arch/godtier-shorts/frontend/src/app/useAppShellController.ts": {"lines":{"total":44,"covered":44,"skipped":0,"pct":100},"functions":{"total":19,"covered":15,"skipped":0,"pct":78.94},"statements":{"total":53,"covered":49,"skipped":0,"pct":92.45},"branches":{"total":4,"covered":4,"skipped":0,"pct":100}}
,"/home/arch/godtier-shorts/frontend/src/auth/accountCleanup.ts": {"lines":{"total":8,"covered":0,"skipped":0,"pct":0},"functions":{"total":2,"covered":0,"skipped":0,"pct":0},"statements":{"total":8,"covered":0,"skipped":0,"pct":0},"branches":{"total":4,"covered":0,"skipped":0,"pct":0}}
,"/home/arch/godtier-shorts/frontend/src/auth/isolation.ts": {"lines":{"total":46,"covered":31,"skipped":0,"pct":67.39},"functions":{"total":5,"covered":4,"skipped":0,"pct":80},"statements":{"total":50,"covered":34,"skipped":0,"pct":68},"branches":{"total":26,"covered":15,"skipped":0,"pct":57.69}}
,"/home/arch/godtier-shorts/frontend/src/auth/runtime.ts": {"lines":{"total":10,"covered":9,"skipped":0,"pct":90},"functions":{"total":8,"covered":7,"skipped":0,"pct":87.5},"statements":{"total":13,"covered":12,"skipped":0,"pct":92.3},"branches":{"total":8,"covered":5,"skipped":0,"pct":62.5}}
,"/home/arch/godtier-shorts/frontend/src/auth/session.ts": {"lines":{"total":42,"covered":33,"skipped":0,"pct":78.57},"functions":{"total":8,"covered":7,"skipped":0,"pct":87.5},"statements":{"total":42,"covered":33,"skipped":0,"pct":78.57},"branches":{"total":53,"covered":38,"skipped":0,"pct":71.69}}
,"/home/arch/godtier-shorts/frontend/src/auth/useResilientAuth.helpers.ts": {"lines":{"total":67,"covered":31,"skipped":0,"pct":46.26},"functions":{"total":19,"covered":7,"skipped":0,"pct":36.84},"statements":{"total":69,"covered":31,"skipped":0,"pct":44.92},"branches":{"total":66,"covered":30,"skipped":0,"pct":45.45}}
,"/home/arch/godtier-shorts/frontend/src/components/AccountDeletionCard.tsx": {"lines":{"total":32,"covered":22,"skipped":0,"pct":68.75},"functions":{"total":4,"covered":3,"skipped":0,"pct":75},"statements":{"total":32,"covered":22,"skipped":0,"pct":68.75},"branches":{"total":19,"covered":11,"skipped":0,"pct":57.89}}
,"/home/arch/godtier-shorts/frontend/src/components/AutoCutEditor.tsx": {"lines":{"total":3,"covered":3,"skipped":0,"pct":100},"functions":{"total":1,"covered":1,"skipped":0,"pct":100},"statements":{"total":3,"covered":3,"skipped":0,"pct":100},"branches":{"total":0,"covered":0,"skipped":0,"pct":100}}
,"/home/arch/godtier-shorts/frontend/src/components/ClipGallery.tsx": {"lines":{"total":5,"covered":4,"skipped":0,"pct":80},"functions":{"total":3,"covered":2,"skipped":0,"pct":66.66},"statements":{"total":5,"covered":4,"skipped":0,"pct":80},"branches":{"total":12,"covered":12,"skipped":0,"pct":100}}
,"/home/arch/godtier-shorts/frontend/src/components/Editor.tsx": {"lines":{"total":3,"covered":3,"skipped":0,"pct":100},"functions":{"total":1,"covered":1,"skipped":0,"pct":100},"statements":{"total":3,"covered":3,"skipped":0,"pct":100},"branches":{"total":0,"covered":0,"skipped":0,"pct":100}}
,"/home/arch/godtier-shorts/frontend/src/components/HoloTerminal.tsx": {"lines":{"total":74,"covered":65,"skipped":0,"pct":87.83},"functions":{"total":27,"covered":24,"skipped":0,"pct":88.88},"statements":{"total":82,"covered":71,"skipped":0,"pct":86.58},"branches":{"total":85,"covered":57,"skipped":0,"pct":67.05}}
,"/home/arch/godtier-shorts/frontend/src/components/JobForm.tsx": {"lines":{"total":3,"covered":3,"skipped":0,"pct":100},"functions":{"total":1,"covered":1,"skipped":0,"pct":100},"statements":{"total":3,"covered":3,"skipped":0,"pct":100},"branches":{"total":3,"covered":3,"skipped":0,"pct":100}}
,"/home/arch/godtier-shorts/frontend/src/components/RangeSlider.tsx": {"lines":{"total":10,"covered":8,"skipped":0,"pct":80},"functions":{"total":3,"covered":2,"skipped":0,"pct":66.66},"statements":{"total":10,"covered":8,"skipped":0,"pct":80},"branches":{"total":3,"covered":3,"skipped":0,"pct":100}}
,"/home/arch/godtier-shorts/frontend/src/components/ShareComposerModal.tsx": {"lines":{"total":4,"covered":4,"skipped":0,"pct":100},"functions":{"total":1,"covered":1,"skipped":0,"pct":100},"statements":{"total":4,"covered":4,"skipped":0,"pct":100},"branches":{"total":4,"covered":4,"skipped":0,"pct":100}}
,"/home/arch/godtier-shorts/frontend/src/components/SubtitleEditor.tsx": {"lines":{"total":2,"covered":2,"skipped":0,"pct":100},"functions":{"total":1,"covered":1,"skipped":0,"pct":100},"statements":{"total":2,"covered":2,"skipped":0,"pct":100},"branches":{"total":2,"covered":2,"skipped":0,"pct":100}}
,"/home/arch/godtier-shorts/frontend/src/components/SubtitlePreview.tsx": {"lines":{"total":101,"covered":90,"skipped":0,"pct":89.1},"functions":{"total":30,"covered":30,"skipped":0,"pct":100},"statements":{"total":104,"covered":93,"skipped":0,"pct":89.42},"branches":{"total":125,"covered":99,"skipped":0,"pct":79.2}}
,"/home/arch/godtier-shorts/frontend/src/components/TimeRangeHeader.tsx": {"lines":{"total":2,"covered":2,"skipped":0,"pct":100},"functions":{"total":1,"covered":1,"skipped":0,"pct":100},"statements":{"total":2,"covered":2,"skipped":0,"pct":100},"branches":{"total":2,"covered":2,"skipped":0,"pct":100}}
,"/home/arch/godtier-shorts/frontend/src/components/VideoOverlay.tsx": {"lines":{"total":85,"covered":57,"skipped":0,"pct":67.05},"functions":{"total":27,"covered":22,"skipped":0,"pct":81.48},"statements":{"total":87,"covered":59,"skipped":0,"pct":67.81},"branches":{"total":56,"covered":32,"skipped":0,"pct":57.14}}
,"/home/arch/godtier-shorts/frontend/src/components/autoCutEditor/helpers.ts": {"lines":{"total":31,"covered":27,"skipped":0,"pct":87.09},"functions":{"total":10,"covered":10,"skipped":0,"pct":100},"statements":{"total":34,"covered":30,"skipped":0,"pct":88.23},"branches":{"total":50,"covered":42,"skipped":0,"pct":84}}
,"/home/arch/godtier-shorts/frontend/src/components/autoCutEditor/sections.tsx": {"lines":{"total":48,"covered":32,"skipped":0,"pct":66.66},"functions":{"total":32,"covered":19,"skipped":0,"pct":59.37},"statements":{"total":50,"covered":32,"skipped":0,"pct":64},"branches":{"total":105,"covered":66,"skipped":0,"pct":62.85}}
,"/home/arch/godtier-shorts/frontend/src/components/autoCutEditor/useAutoCutEditorActions.ts": {"lines":{"total":82,"covered":33,"skipped":0,"pct":40.24},"functions":{"total":25,"covered":8,"skipped":0,"pct":32},"statements":{"total":88,"covered":33,"skipped":0,"pct":37.5},"branches":{"total":29,"covered":1,"skipped":0,"pct":3.44}}
,"/home/arch/godtier-shorts/frontend/src/components/clipGallery/sections.tsx": {"lines":{"total":28,"covered":25,"skipped":0,"pct":89.28},"functions":{"total":21,"covered":19,"skipped":0,"pct":90.47},"statements":{"total":28,"covered":25,"skipped":0,"pct":89.28},"branches":{"total":36,"covered":30,"skipped":0,"pct":83.33}}
,"/home/arch/godtier-shorts/frontend/src/components/clipGallery/useClipGalleryController.ts": {"lines":{"total":173,"covered":148,"skipped":0,"pct":85.54},"functions":{"total":55,"covered":49,"skipped":0,"pct":89.09},"statements":{"total":191,"covered":163,"skipped":0,"pct":85.34},"branches":{"total":90,"covered":66,"skipped":0,"pct":73.33}}
,"/home/arch/godtier-shorts/frontend/src/components/editor/helpers.ts": {"lines":{"total":34,"covered":33,"skipped":0,"pct":97.05},"functions":{"total":23,"covered":21,"skipped":0,"pct":91.3},"statements":{"total":36,"covered":34,"skipped":0,"pct":94.44},"branches":{"total":48,"covered":36,"skipped":0,"pct":75}}
,"/home/arch/godtier-shorts/frontend/src/components/editor/sections.tsx": {"lines":{"total":27,"covered":13,"skipped":0,"pct":48.14},"functions":{"total":21,"covered":10,"skipped":0,"pct":47.61},"statements":{"total":27,"covered":13,"skipped":0,"pct":48.14},"branches":{"total":50,"covered":27,"skipped":0,"pct":54}}
,"/home/arch/godtier-shorts/frontend/src/components/editor/useEditorController.ts": {"lines":{"total":219,"covered":134,"skipped":0,"pct":61.18},"functions":{"total":46,"covered":31,"skipped":0,"pct":67.39},"statements":{"total":221,"covered":135,"skipped":0,"pct":61.08},"branches":{"total":91,"covered":34,"skipped":0,"pct":37.36}}
,"/home/arch/godtier-shorts/frontend/src/components/jobForm/helpers.ts": {"lines":{"total":29,"covered":29,"skipped":0,"pct":100},"functions":{"total":10,"covered":10,"skipped":0,"pct":100},"statements":{"total":30,"covered":30,"skipped":0,"pct":100},"branches":{"total":19,"covered":17,"skipped":0,"pct":89.47}}
,"/home/arch/godtier-shorts/frontend/src/components/jobForm/sections.tsx": {"lines":{"total":35,"covered":30,"skipped":0,"pct":85.71},"functions":{"total":31,"covered":25,"skipped":0,"pct":80.64},"statements":{"total":39,"covered":33,"skipped":0,"pct":84.61},"branches":{"total":61,"covered":46,"skipped":0,"pct":75.4}}
,"/home/arch/godtier-shorts/frontend/src/components/jobForm/useJobFormController.ts": {"lines":{"total":89,"covered":84,"skipped":0,"pct":94.38},"functions":{"total":29,"covered":28,"skipped":0,"pct":96.55},"statements":{"total":96,"covered":91,"skipped":0,"pct":94.79},"branches":{"total":28,"covered":19,"skipped":0,"pct":67.85}}
,"/home/arch/godtier-shorts/frontend/src/components/shareComposer/helpers.ts": {"lines":{"total":46,"covered":42,"skipped":0,"pct":91.3},"functions":{"total":18,"covered":17,"skipped":0,"pct":94.44},"statements":{"total":47,"covered":43,"skipped":0,"pct":91.48},"branches":{"total":36,"covered":31,"skipped":0,"pct":86.11}}
,"/home/arch/godtier-shorts/frontend/src/components/shareComposer/sections.tsx": {"lines":{"total":32,"covered":20,"skipped":0,"pct":62.5},"functions":{"total":29,"covered":17,"skipped":0,"pct":58.62},"statements":{"total":32,"covered":20,"skipped":0,"pct":62.5},"branches":{"total":60,"covered":44,"skipped":0,"pct":73.33}}
,"/home/arch/godtier-shorts/frontend/src/components/shareComposer/useShareComposerController.ts": {"lines":{"total":116,"covered":81,"skipped":0,"pct":69.82},"functions":{"total":61,"covered":39,"skipped":0,"pct":63.93},"statements":{"total":147,"covered":99,"skipped":0,"pct":67.34},"branches":{"total":49,"covered":33,"skipped":0,"pct":67.34}}
,"/home/arch/godtier-shorts/frontend/src/components/subtitleEditor/helpers.ts": {"lines":{"total":25,"covered":24,"skipped":0,"pct":96},"functions":{"total":16,"covered":16,"skipped":0,"pct":100},"statements":{"total":28,"covered":27,"skipped":0,"pct":96.42},"branches":{"total":40,"covered":33,"skipped":0,"pct":82.5}}
,"/home/arch/godtier-shorts/frontend/src/components/subtitleEditor/sections.tsx": {"lines":{"total":105,"covered":94,"skipped":0,"pct":89.52},"functions":{"total":65,"covered":59,"skipped":0,"pct":90.76},"statements":{"total":105,"covered":94,"skipped":0,"pct":89.52},"branches":{"total":198,"covered":179,"skipped":0,"pct":90.4}}
,"/home/arch/godtier-shorts/frontend/src/components/subtitleEditor/useSubtitleEditorController.ts": {"lines":{"total":354,"covered":290,"skipped":0,"pct":81.92},"functions":{"total":78,"covered":67,"skipped":0,"pct":85.89},"statements":{"total":363,"covered":296,"skipped":0,"pct":81.54},"branches":{"total":199,"covered":128,"skipped":0,"pct":64.32}}
,"/home/arch/godtier-shorts/frontend/src/components/subtitlePreview/helpers.ts": {"lines":{"total":72,"covered":69,"skipped":0,"pct":95.83},"functions":{"total":13,"covered":13,"skipped":0,"pct":100},"statements":{"total":72,"covered":69,"skipped":0,"pct":95.83},"branches":{"total":90,"covered":77,"skipped":0,"pct":85.55}}
,"/home/arch/godtier-shorts/frontend/src/components/ui/ConnectionChip.tsx": {"lines":{"total":12,"covered":11,"skipped":0,"pct":91.66},"functions":{"total":2,"covered":2,"skipped":0,"pct":100},"statements":{"total":12,"covered":11,"skipped":0,"pct":91.66},"branches":{"total":11,"covered":10,"skipped":0,"pct":90.9}}
,"/home/arch/godtier-shorts/frontend/src/components/ui/IconButton.tsx": {"lines":{"total":5,"covered":5,"skipped":0,"pct":100},"functions":{"total":1,"covered":1,"skipped":0,"pct":100},"statements":{"total":5,"covered":5,"skipped":0,"pct":100},"branches":{"total":5,"covered":5,"skipped":0,"pct":100}}
,"/home/arch/godtier-shorts/frontend/src/components/ui/LazyVideo.tsx": {"lines":{"total":39,"covered":28,"skipped":0,"pct":71.79},"functions":{"total":11,"covered":8,"skipped":0,"pct":72.72},"statements":{"total":42,"covered":29,"skipped":0,"pct":69.04},"branches":{"total":32,"covered":19,"skipped":0,"pct":59.37}}
,"/home/arch/godtier-shorts/frontend/src/components/ui/Select.tsx": {"lines":{"total":31,"covered":31,"skipped":0,"pct":100},"functions":{"total":17,"covered":17,"skipped":0,"pct":100},"statements":{"total":36,"covered":36,"skipped":0,"pct":100},"branches":{"total":35,"covered":34,"skipped":0,"pct":97.14}}
,"/home/arch/godtier-shorts/frontend/src/components/ui/SystemStatusBanner.tsx": {"lines":{"total":3,"covered":3,"skipped":0,"pct":100},"functions":{"total":1,"covered":1,"skipped":0,"pct":100},"statements":{"total":3,"covered":3,"skipped":0,"pct":100},"branches":{"total":0,"covered":0,"skipped":0,"pct":100}}
,"/home/arch/godtier-shorts/frontend/src/components/ui/VideoControls.tsx": {"lines":{"total":2,"covered":2,"skipped":0,"pct":100},"functions":{"total":1,"covered":1,"skipped":0,"pct":100},"statements":{"total":2,"covered":2,"skipped":0,"pct":100},"branches":{"total":4,"covered":4,"skipped":0,"pct":100}}
,"/home/arch/godtier-shorts/frontend/src/components/ui/protectedMedia.ts": {"lines":{"total":52,"covered":19,"skipped":0,"pct":36.53},"functions":{"total":12,"covered":6,"skipped":0,"pct":50},"statements":{"total":54,"covered":19,"skipped":0,"pct":35.18},"branches":{"total":28,"covered":19,"skipped":0,"pct":67.85}}
,"/home/arch/godtier-shorts/frontend/src/components/ui/lazyVideo/helpers.ts": {"lines":{"total":15,"covered":12,"skipped":0,"pct":80},"functions":{"total":3,"covered":3,"skipped":0,"pct":100},"statements":{"total":15,"covered":12,"skipped":0,"pct":80},"branches":{"total":13,"covered":9,"skipped":0,"pct":69.23}}
,"/home/arch/godtier-shorts/frontend/src/components/videoOverlay/helpers.ts": {"lines":{"total":11,"covered":10,"skipped":0,"pct":90.9},"functions":{"total":7,"covered":7,"skipped":0,"pct":100},"statements":{"total":12,"covered":11,"skipped":0,"pct":91.66},"branches":{"total":11,"covered":10,"skipped":0,"pct":90.9}}
,"/home/arch/godtier-shorts/frontend/src/config/subtitleStyles.ts": {"lines":{"total":47,"covered":47,"skipped":0,"pct":100},"functions":{"total":19,"covered":19,"skipped":0,"pct":100},"statements":{"total":48,"covered":48,"skipped":0,"pct":100},"branches":{"total":38,"covered":38,"skipped":0,"pct":100}}
,"/home/arch/godtier-shorts/frontend/src/hooks/useDebouncedEffect.ts": {"lines":{"total":8,"covered":8,"skipped":0,"pct":100},"functions":{"total":3,"covered":3,"skipped":0,"pct":100},"statements":{"total":9,"covered":9,"skipped":0,"pct":100},"branches":{"total":2,"covered":2,"skipped":0,"pct":100}}
,"/home/arch/godtier-shorts/frontend/src/hooks/useThrottle.ts": {"lines":{"total":24,"covered":22,"skipped":0,"pct":91.66},"functions":{"total":4,"covered":4,"skipped":0,"pct":100},"statements":{"total":24,"covered":22,"skipped":0,"pct":91.66},"branches":{"total":8,"covered":6,"skipped":0,"pct":75}}
,"/home/arch/godtier-shorts/frontend/src/hooks/useWebSocket.helpers.ts": {"lines":{"total":46,"covered":45,"skipped":0,"pct":97.82},"functions":{"total":11,"covered":11,"skipped":0,"pct":100},"statements":{"total":46,"covered":45,"skipped":0,"pct":97.82},"branches":{"total":45,"covered":42,"skipped":0,"pct":93.33}}
,"/home/arch/godtier-shorts/frontend/src/hooks/useWebSocket.ts": {"lines":{"total":75,"covered":65,"skipped":0,"pct":86.66},"functions":{"total":19,"covered":18,"skipped":0,"pct":94.73},"statements":{"total":78,"covered":68,"skipped":0,"pct":87.17},"branches":{"total":32,"covered":26,"skipped":0,"pct":81.25}}
,"/home/arch/godtier-shorts/frontend/src/store/useJobStore.ts": {"lines":{"total":119,"covered":87,"skipped":0,"pct":73.1},"functions":{"total":54,"covered":41,"skipped":0,"pct":75.92},"statements":{"total":132,"covered":95,"skipped":0,"pct":71.96},"branches":{"total":115,"covered":58,"skipped":0,"pct":50.43}}
,"/home/arch/godtier-shorts/frontend/src/test/components/jobForm.test-helpers.tsx": {"lines":{"total":16,"covered":16,"skipped":0,"pct":100},"functions":{"total":7,"covered":7,"skipped":0,"pct":100},"statements":{"total":19,"covered":19,"skipped":0,"pct":100},"branches":{"total":0,"covered":0,"skipped":0,"pct":100}}
,"/home/arch/godtier-shorts/frontend/src/test/components/shareComposer.test-helpers.tsx": {"lines":{"total":40,"covered":37,"skipped":0,"pct":92.5},"functions":{"total":15,"covered":12,"skipped":0,"pct":80},"statements":{"total":41,"covered":38,"skipped":0,"pct":92.68},"branches":{"total":12,"covered":12,"skipped":0,"pct":100}}
,"/home/arch/godtier-shorts/frontend/src/test/components/subtitleEditor.test-helpers.tsx": {"lines":{"total":50,"covered":50,"skipped":0,"pct":100},"functions":{"total":18,"covered":18,"skipped":0,"pct":100},"statements":{"total":53,"covered":53,"skipped":0,"pct":100},"branches":{"total":0,"covered":0,"skipped":0,"pct":100}}
,"/home/arch/godtier-shorts/frontend/src/utils/storage.ts": {"lines":{"total":6,"covered":5,"skipped":0,"pct":83.33},"functions":{"total":1,"covered":1,"skipped":0,"pct":100},"statements":{"total":8,"covered":6,"skipped":0,"pct":75},"branches":{"total":4,"covered":3,"skipped":0,"pct":75}}
,"/home/arch/godtier-shorts/frontend/src/utils/subtitleTiming.ts": {"lines":{"total":252,"covered":212,"skipped":0,"pct":84.12},"functions":{"total":46,"covered":42,"skipped":0,"pct":91.3},"statements":{"total":263,"covered":222,"skipped":0,"pct":84.41},"branches":{"total":194,"covered":139,"skipped":0,"pct":71.64}}
,"/home/arch/godtier-shorts/frontend/src/utils/time.ts": {"lines":{"total":5,"covered":5,"skipped":0,"pct":100},"functions":{"total":3,"covered":3,"skipped":0,"pct":100},"statements":{"total":5,"covered":5,"skipped":0,"pct":100},"branches":{"total":0,"covered":0,"skipped":0,"pct":100}}
,"/home/arch/godtier-shorts/frontend/src/utils/transcript.ts": {"lines":{"total":5,"covered":2,"skipped":0,"pct":40},"functions":{"total":1,"covered":1,"skipped":0,"pct":100},"statements":{"total":6,"covered":3,"skipped":0,"pct":50},"branches":{"total":7,"covered":1,"skipped":0,"pct":14.28}}
,"/home/arch/godtier-shorts/frontend/src/utils/url.ts": {"lines":{"total":6,"covered":6,"skipped":0,"pct":100},"functions":{"total":1,"covered":1,"skipped":0,"pct":100},"statements":{"total":6,"covered":6,"skipped":0,"pct":100},"branches":{"total":11,"covered":8,"skipped":0,"pct":72.72}}
}
