{"meta": {"format": 3, "version": "7.13.5", "timestamp": "2026-03-21T01:19:32.458776", "branch_coverage": false, "show_contexts": false}, "files": {"backend/__init__.py": {"executed_lines": [], "summary": {"covered_lines": 0, "num_statements": 0, "percent_covered": 100.0, "percent_covered_display": "100", "missing_lines": 0, "excluded_lines": 0, "percent_statements_covered": 100.0, "percent_statements_covered_display": "100"}, "missing_lines": [], "excluded_lines": [], "functions": {"": {"executed_lines": [], "summary": {"covered_lines": 0, "num_statements": 0, "percent_covered": 100.0, "percent_covered_display": "100", "missing_lines": 0, "excluded_lines": 0, "percent_statements_covered": 100.0, "percent_statements_covered_display": "100"}, "missing_lines": [], "excluded_lines": [], "start_line": 1}}, "classes": {"": {"executed_lines": [], "summary": {"covered_lines": 0, "num_statements": 0, "percent_covered": 100.0, "percent_covered_display": "100", "missing_lines": 0, "excluded_lines": 0, "percent_statements_covered": 100.0, "percent_statements_covered_display": "100"}, "missing_lines": [], "excluded_lines": [], "start_line": 1}}}, "backend/api/__init__.py": {"executed_lines": [], "summary": {"covered_lines": 0, "num_statements": 0, "percent_covered": 100.0, "percent_covered_display": "100", "missing_lines": 0, "excluded_lines": 0, "percent_statements_covered": 100.0, "percent_statements_covered_display": "100"}, "missing_lines": [], "excluded_lines": [], "functions": {"": {"executed_lines": [], "summary": {"covered_lines": 0, "num_statements": 0, "percent_covered": 100.0, "percent_covered_display": "100", "missing_lines": 0, "excluded_lines": 0, "percent_statements_covered": 100.0, "percent_statements_covered_display": "100"}, "missing_lines": [], "excluded_lines": [], "start_line": 1}}, "classes": {"": {"executed_lines": [], "summary": {"covered_lines": 0, "num_statements": 0, "percent_covered": 100.0, "percent_covered_display": "100", "missing_lines": 0, "excluded_lines": 0, "percent_statements_covered": 100.0, "percent_statements_covered_display": "100"}, "missing_lines": [], "excluded_lines": [], "start_line": 1}}}, "backend/api/clip_events.py": {"executed_lines": [3, 5, 8, 9, 10, 12, 14, 21, 23, 24, 34, 44, 46, 54, 56, 63, 64], "summary": {"covered_lines": 17, "num_statements": 23, "percent_covered": 73.91304347826087, "percent_covered_display": "74", "missing_lines": 6, "excluded_lines": 0, "percent_statements_covered": 73.91304347826087, "percent_statements_covered_display": "74"}, "missing_lines": [25, 31, 32, 35, 41, 42], "excluded_lines": [], "functions": {"ApiClipEventPort.invalidate_clips_cache": {"executed_lines": [10, 12], "summary": {"covered_lines": 2, "num_statements": 2, "percent_covered": 100.0, "percent_covered_display": "100", "missing_lines": 0, "excluded_lines": 0, "percent_statements_covered": 100.0, "percent_statements_covered_display": "100"}, "missing_lines": [], "excluded_lines": [], "start_line": 9}, "ApiClipEventPort.resolve_clip_ready_job_id": {"executed_lines": [21, 23, 24, 34, 44], "summary": {"covered_lines": 5, "num_statements": 11, "percent_covered": 45.45454545454545, "percent_covered_display": "45", "missing_lines": 6, "excluded_lines": 0, "percent_statements_covered": 45.45454545454545, "percent_statements_covered_display": "45"}, "missing_lines": [25, 31, 32, 35, 41, 42], "excluded_lines": [], "start_line": 14}, "ApiClipEventPort.broadcast_clip_ready": {"executed_lines": [54, 56], "summary": {"covered_lines": 2, "num_statements": 2, "percent_covered": 100.0, "percent_covered_display": "100", "missing_lines": 0, "excluded_lines": 0, "percent_statements_covered": 100.0, "percent_statements_covered_display": "100"}, "missing_lines": [], "excluded_lines": [], "start_line": 46}, "build_api_clip_event_port": {"executed_lines": [64], "summary": {"covered_lines": 1, "num_statements": 1, "percent_covered": 100.0, "percent_covered_display": "100", "missing_lines": 0, "excluded_lines": 0, "percent_statements_covered": 100.0, "percent_statements_covered_display": "100"}, "missing_lines": [], "excluded_lines": [], "start_line": 63}, "": {"executed_lines": [3, 5, 8, 9, 14, 46, 63], "summary": {"covered_lines": 7, "num_statements": 7, "percent_covered": 100.0, "percent_covered_display": "100", "missing_lines": 0, "excluded_lines": 0, "percent_statements_covered": 100.0, "percent_statements_covered_display": "100"}, "missing_lines": [], "excluded_lines": [], "start_line": 1}}, "classes": {"ApiClipEventPort": {"executed_lines": [10, 12, 21, 23, 24, 34, 44, 54, 56], "summary": {"covered_lines": 9, "num_statements": 15, "percent_covered": 60.0, "percent_covered_display": "60", "missing_lines": 6, "excluded_lines": 0, "percent_statements_covered": 60.0, "percent_statements_covered_display": "60"}, "missing_lines": [25, 31, 32, 35, 41, 42], "excluded_lines": [], "start_line": 8}, "": {"executed_lines": [3, 5, 8, 9, 14, 46, 63, 64], "summary": {"covered_lines": 8, "num_statements": 8, "percent_covered": 100.0, "percent_covered_display": "100", "missing_lines": 0, "excluded_lines": 0, "percent_statements_covered": 100.0, "percent_statements_covered_display": "100"}, "missing_lines": [], "excluded_lines": [], "start_line": 1}}}, "backend/api/error_handlers.py": {"executed_lines": [3, 5, 7, 8, 9, 10, 12, 13, 16, 17, 18, 20, 21, 24, 25, 33, 34, 35, 36, 37, 38, 39, 50, 51, 52, 53, 54, 56, 57, 58, 66, 68, 79, 93, 108, 109, 110, 111, 112], "summary": {"covered_lines": 39, "num_statements": 48, "percent_covered": 81.25, "percent_covered_display": "81", "missing_lines": 9, "excluded_lines": 0, "percent_statements_covered": 81.25, "percent_statements_covered_display": "81"}, "missing_lines": [19, 60, 80, 81, 82, 94, 95, 96, 97], "excluded_lines": [], "functions": {"_trace_id": {"executed_lines": [17, 18, 20, 21], "summary": {"covered_lines": 4, "num_statements": 5, "percent_covered": 80.0, "percent_covered_display": "80", "missing_lines": 1, "excluded_lines": 0, "percent_statements_covered": 80.0, "percent_statements_covered_display": "80"}, "missing_lines": [19], "excluded_lines": [], "start_line": 16}, "_error_payload": {"executed_lines": [25], "summary": {"covered_lines": 1, "num_statements": 1, "percent_covered": 100.0, "percent_covered_display": "100", "missing_lines": 0, "excluded_lines": 0, "percent_statements_covered": 100.0, "percent_statements_covered_display": "100"}, "missing_lines": [], "excluded_lines": [], "start_line": 24}, "app_error_handler": {"executed_lines": [34, 35, 36, 37, 38, 39], "summary": {"covered_lines": 6, "num_statements": 6, "percent_covered": 100.0, "percent_covered_display": "100", "missing_lines": 0, "excluded_lines": 0, "percent_statements_covered": 100.0, "percent_statements_covered_display": "100"}, "missing_lines": [], "excluded_lines": [], "start_line": 33}, "http_exception_handler": {"executed_lines": [51, 52, 53, 54, 56, 57, 58, 66, 68], "summary": {"covered_lines": 9, "num_statements": 10, "percent_covered": 90.0, "percent_covered_display": "90", "missing_lines": 1, "excluded_lines": 0, "percent_statements_covered": 90.0, "percent_statements_covered_display": "90"}, "missing_lines": [60], "excluded_lines": [], "start_line": 50}, "validation_exception_handler": {"executed_lines": [], "summary": {"covered_lines": 0, "num_statements": 3, "percent_covered": 0.0, "percent_covered_display": "0", "missing_lines": 3, "excluded_lines": 0, "percent_statements_covered": 0.0, "percent_statements_covered_display": "0"}, "missing_lines": [80, 81, 82], "excluded_lines": [], "start_line": 79}, "unhandled_exception_handler": {"executed_lines": [], "summary": {"covered_lines": 0, "num_statements": 4, "percent_covered": 0.0, "percent_covered_display": "0", "missing_lines": 4, "excluded_lines": 0, "percent_statements_covered": 0.0, "percent_statements_covered_display": "0"}, "missing_lines": [94, 95, 96, 97], "excluded_lines": [], "start_line": 93}, "register_exception_handlers": {"executed_lines": [109, 110, 111, 112], "summary": {"covered_lines": 4, "num_statements": 4, "percent_covered": 100.0, "percent_covered_display": "100", "missing_lines": 0, "excluded_lines": 0, "percent_statements_covered": 100.0, "percent_statements_covered_display": "100"}, "missing_lines": [], "excluded_lines": [], "start_line": 108}, "": {"executed_lines": [3, 5, 7, 8, 9, 10, 12, 13, 16, 24, 33, 50, 79, 93, 108], "summary": {"covered_lines": 15, "num_statements": 15, "percent_covered": 100.0, "percent_covered_display": "100", "missing_lines": 0, "excluded_lines": 0, "percent_statements_covered": 100.0, "percent_statements_covered_display": "100"}, "missing_lines": [], "excluded_lines": [], "start_line": 1}}, "classes": {"": {"executed_lines": [3, 5, 7, 8, 9, 10, 12, 13, 16, 17, 18, 20, 21, 24, 25, 33, 34, 35, 36, 37, 38, 39, 50, 51, 52, 53, 54, 56, 57, 58, 66, 68, 79, 93, 108, 109, 110, 111, 112], "summary": {"covered_lines": 39, "num_statements": 48, "percent_covered": 81.25, "percent_covered_display": "81", "missing_lines": 9, "excluded_lines": 0, "percent_statements_covered": 81.25, "percent_statements_covered_display": "81"}, "missing_lines": [19, 60, 80, 81, 82, 94, 95, 96, 97], "excluded_lines": [], "start_line": 1}}}, "backend/api/routes/__init__.py": {"executed_lines": [], "summary": {"covered_lines": 0, "num_statements": 0, "percent_covered": 100.0, "percent_covered_display": "100", "missing_lines": 0, "excluded_lines": 0, "percent_statements_covered": 100.0, "percent_statements_covered_display": "100"}, "missing_lines": [], "excluded_lines": [], "functions": {"": {"executed_lines": [], "summary": {"covered_lines": 0, "num_statements": 0, "percent_covered": 100.0, "percent_covered_display": "100", "missing_lines": 0, "excluded_lines": 0, "percent_statements_covered": 100.0, "percent_statements_covered_display": "100"}, "missing_lines": [], "excluded_lines": [], "start_line": 1}}, "classes": {"": {"executed_lines": [], "summary": {"covered_lines": 0, "num_statements": 0, "percent_covered": 100.0, "percent_covered_display": "100", "missing_lines": 0, "excluded_lines": 0, "percent_statements_covered": 100.0, "percent_statements_covered_display": "100"}, "missing_lines": [], "excluded_lines": [], "start_line": 1}}}, "backend/api/routes/account.py": {"executed_lines": [1, 3, 4, 6, 7, 8, 9, 12, 15, 16, 20, 21, 23, 24, 32], "summary": {"covered_lines": 15, "num_statements": 15, "percent_covered": 100.0, "percent_covered_display": "100", "missing_lines": 0, "excluded_lines": 0, "percent_statements_covered": 100.0, "percent_statements_covered_display": "100"}, "missing_lines": [], "excluded_lines": [], "functions": {"delete_my_account_data": {"executed_lines": [20, 21, 23, 24, 32], "summary": {"covered_lines": 5, "num_statements": 5, "percent_covered": 100.0, "percent_covered_display": "100", "missing_lines": 0, "excluded_lines": 0, "percent_statements_covered": 100.0, "percent_statements_covered_display": "100"}, "missing_lines": [], "excluded_lines": [], "start_line": 16}, "": {"executed_lines": [1, 3, 4, 6, 7, 8, 9, 12, 15, 16], "summary": {"covered_lines": 10, "num_statements": 10, "percent_covered": 100.0, "percent_covered_display": "100", "missing_lines": 0, "excluded_lines": 0, "percent_statements_covered": 100.0, "percent_statements_covered_display": "100"}, "missing_lines": [], "excluded_lines": [], "start_line": 1}}, "classes": {"": {"executed_lines": [1, 3, 4, 6, 7, 8, 9, 12, 15, 16, 20, 21, 23, 24, 32], "summary": {"covered_lines": 15, "num_statements": 15, "percent_covered": 100.0, "percent_covered_display": "100", "missing_lines": 0, "excluded_lines": 0, "percent_statements_covered": 100.0, "percent_statements_covered_display": "100"}, "missing_lines": [], "excluded_lines": [], "start_line": 1}}}, "backend/api/routes/auth.py": {"executed_lines": [1, 3, 5, 6, 9, 12, 13, 16], "summary": {"covered_lines": 8, "num_statements": 8, "percent_covered": 100.0, "percent_covered_display": "100", "missing_lines": 0, "excluded_lines": 0, "percent_statements_covered": 100.0, "percent_statements_covered_display": "100"}, "missing_lines": [], "excluded_lines": [], "functions": {"whoami": {"executed_lines": [16], "summary": {"covered_lines": 1, "num_statements": 1, "percent_covered": 100.0, "percent_covered_display": "100", "missing_lines": 0, "excluded_lines": 0, "percent_statements_covered": 100.0, "percent_statements_covered_display": "100"}, "missing_lines": [], "excluded_lines": [], "start_line": 13}, "": {"executed_lines": [1, 3, 5, 6, 9, 12, 13], "summary": {"covered_lines": 7, "num_statements": 7, "percent_covered": 100.0, "percent_covered_display": "100", "missing_lines": 0, "excluded_lines": 0, "percent_statements_covered": 100.0, "percent_statements_covered_display": "100"}, "missing_lines": [], "excluded_lines": [], "start_line": 1}}, "classes": {"": {"executed_lines": [1, 3, 5, 6, 9, 12, 13, 16], "summary": {"covered_lines": 8, "num_statements": 8, "percent_covered": 100.0, "percent_covered_display": "100", "missing_lines": 0, "excluded_lines": 0, "percent_statements_covered": 100.0, "percent_statements_covered_display": "100"}, "missing_lines": [], "excluded_lines": [], "start_line": 1}}}, "backend/api/routes/clips.py": {"executed_lines": [10, 11, 12, 13, 14, 15, 16, 17, 18, 19, 20, 21, 22, 24, 25, 26, 27, 29, 30, 34, 35, 36, 37, 38, 48, 56, 57, 60, 62, 63, 64, 65, 66, 67, 70, 80, 82, 83, 84, 85, 86, 87, 88, 91, 92, 93, 96, 97, 99, 100, 101, 102, 105, 106, 109, 111, 112, 113, 114, 115, 116, 123, 125, 126, 128, 129, 132, 171, 173, 176, 177, 178, 182, 183, 186, 210, 217, 294, 296, 299, 300, 308, 309, 310, 311, 312, 320, 322, 323, 324, 325, 327, 328, 329, 331, 332, 333, 337, 339, 340, 343, 386, 406, 407, 408, 417, 418, 419, 422, 423, 426, 427, 429, 445, 447, 448, 450, 453, 460, 462, 463, 464, 466, 467, 475, 476, 479, 480, 483, 487, 488, 489, 490, 491, 492, 493, 496, 500, 503, 508, 511, 516, 517, 523, 526, 527, 528, 529, 530, 531, 538, 539, 540, 541, 542, 546, 547, 548, 555, 556, 557, 563, 564, 565, 571, 572, 579, 580, 583, 584, 585, 592, 599, 600, 601, 602, 606, 617, 624, 625, 627, 635, 636, 637, 638, 645, 646, 647, 648, 649, 656, 657, 665, 666, 669, 670, 685, 686, 687, 693, 694, 703, 706, 707, 710, 711, 712, 713, 714, 716, 717, 718, 719, 720, 725, 727, 728, 731, 733, 734, 735, 737, 738, 739, 740, 741, 744, 746, 747, 750, 764, 765, 766, 767, 770, 774, 775, 776, 780, 781, 782, 783, 784, 785, 786, 788, 789, 790, 791, 793, 794, 795, 796, 797, 798, 799, 800, 801, 807, 815, 817, 818, 837, 840, 842, 843, 844, 848, 849, 850, 851, 852, 855, 856, 860, 861, 862, 863, 864, 865, 867, 873, 876, 877, 883, 884, 888, 889, 890, 891, 893, 899, 905, 913, 914, 920, 921, 925, 926, 927, 932, 938, 945, 946, 952, 953, 956, 958, 959, 962, 965, 966, 973, 987, 988, 995, 996, 998, 999, 1003, 1006, 1007, 1012, 1013, 1016, 1017, 1018, 1019, 1020, 1021, 1024, 1026, 1027, 1029, 1037, 1038, 1044, 1045, 1046, 1047, 1048, 1049, 1050, 1051, 1053, 1059, 1060, 1061, 1062, 1064, 1071, 1072, 1073, 1076, 1077, 1084, 1086, 1087, 1090, 1091, 1094, 1099, 1100, 1114, 1115, 1129, 1130], "summary": {"covered_lines": 367, "num_statements": 557, "percent_covered": 65.8886894075404, "percent_covered_display": "66", "missing_lines": 190, "excluded_lines": 0, "percent_statements_covered": 65.8886894075404, "percent_statements_covered_display": "66"}, "missing_lines": [72, 73, 74, 75, 76, 77, 127, 134, 135, 136, 137, 139, 140, 142, 144, 145, 146, 147, 149, 150, 151, 152, 153, 154, 156, 157, 159, 160, 162, 163, 165, 166, 168, 179, 180, 192, 194, 195, 196, 197, 199, 200, 201, 203, 204, 205, 207, 211, 218, 219, 234, 235, 241, 242, 248, 249, 250, 251, 257, 258, 259, 265, 266, 267, 273, 274, 275, 281, 282, 286, 287, 297, 301, 302, 313, 314, 335, 345, 346, 347, 348, 349, 351, 352, 353, 355, 356, 375, 376, 377, 378, 379, 380, 382, 383, 391, 392, 393, 394, 395, 397, 398, 403, 420, 424, 435, 451, 501, 532, 533, 534, 535, 543, 549, 581, 628, 658, 667, 677, 708, 722, 736, 748, 768, 769, 771, 772, 777, 778, 802, 803, 804, 805, 866, 885, 886, 922, 923, 954, 955, 960, 974, 979, 980, 982, 983, 984, 1000, 1001, 1004, 1014, 1022, 1023, 1085, 1088, 1089, 1092, 1093, 1096, 1108, 1109, 1110, 1111, 1123, 1124, 1125, 1126, 1135, 1137, 1138, 1145, 1148, 1149, 1160, 1168, 1169, 1170, 1171, 1173, 1174, 1175, 1176, 1177, 1179, 1185, 1186, 1187, 1188, 1190, 1191], "excluded_lines": [], "functions": {"finalize_job_success": {"executed_lines": [62, 63, 64, 65, 66, 67], "summary": {"covered_lines": 6, "num_statements": 6, "percent_covered": 100.0, "percent_covered_display": "100", "missing_lines": 0, "excluded_lines": 0, "percent_statements_covered": 100.0, "percent_statements_covered_display": "100"}, "missing_lines": [], "excluded_lines": [], "start_line": 60}, "finalize_job_error": {"executed_lines": [], "summary": {"covered_lines": 0, "num_statements": 6, "percent_covered": 0.0, "percent_covered_display": "0", "missing_lines": 6, "excluded_lines": 0, "percent_statements_covered": 0.0, "percent_statements_covered_display": "0"}, "missing_lines": [72, 73, 74, 75, 76, 77], "excluded_lines": [], "start_line": 70}, "invalidate_clips_cache": {"executed_lines": [111, 112, 113, 114, 115, 116], "summary": {"covered_lines": 6, "num_statements": 6, "percent_covered": 100.0, "percent_covered_display": "100", "missing_lines": 0, "excluded_lines": 0, "percent_statements_covered": 100.0, "percent_statements_covered_display": "100"}, "missing_lines": [], "excluded_lines": [], "start_line": 109}, "build_project_file_url": {"executed_lines": [125, 126, 128, 129], "summary": {"covered_lines": 4, "num_statements": 5, "percent_covered": 80.0, "percent_covered_display": "80", "missing_lines": 1, "excluded_lines": 0, "percent_statements_covered": 80.0, "percent_statements_covered_display": "80"}, "missing_lines": [127], "excluded_lines": [], "start_line": 123}, "_safe_project_file_path": {"executed_lines": [], "summary": {"covered_lines": 0, "num_statements": 26, "percent_covered": 0.0, "percent_covered_display": "0", "missing_lines": 26, "excluded_lines": 0, "percent_statements_covered": 0.0, "percent_statements_covered_display": "0"}, "missing_lines": [134, 135, 136, 137, 139, 140, 142, 144, 145, 146, 147, 149, 150, 151, 152, 153, 154, 156, 157, 159, 160, 162, 163, 165, 166, 168], "excluded_lines": [], "start_line": 132}, "build_secure_clip_url": {"executed_lines": [173], "summary": {"covered_lines": 1, "num_statements": 1, "percent_covered": 100.0, "percent_covered_display": "100", "missing_lines": 0, "excluded_lines": 0, "percent_statements_covered": 100.0, "percent_statements_covered_display": "100"}, "missing_lines": [], "excluded_lines": [], "start_line": 171}, "_resolve_project_shorts_dir": {"executed_lines": [177, 178, 182, 183], "summary": {"covered_lines": 4, "num_statements": 6, "percent_covered": 66.66666666666667, "percent_covered_display": "67", "missing_lines": 2, "excluded_lines": 0, "percent_statements_covered": 66.66666666666667, "percent_statements_covered_display": "67"}, "missing_lines": [179, 180], "excluded_lines": [], "start_line": 176}, "_resolve_project_short_asset_path": {"executed_lines": [], "summary": {"covered_lines": 0, "num_statements": 12, "percent_covered": 0.0, "percent_covered_display": "0", "missing_lines": 12, "excluded_lines": 0, "percent_statements_covered": 0.0, "percent_statements_covered_display": "0"}, "missing_lines": [192, 194, 195, 196, 197, 199, 200, 201, 203, 204, 205, 207], "excluded_lines": [], "start_line": 186}, "_upload_http_error": {"executed_lines": [], "summary": {"covered_lines": 0, "num_statements": 1, "percent_covered": 0.0, "percent_covered_display": "0", "missing_lines": 1, "excluded_lines": 0, "percent_statements_covered": 0.0, "percent_statements_covered_display": "0"}, "missing_lines": [211], "excluded_lines": [], "start_line": 210}, "_validate_video_with_ffprobe": {"executed_lines": [], "summary": {"covered_lines": 0, "num_statements": 23, "percent_covered": 0.0, "percent_covered_display": "0", "missing_lines": 23, "excluded_lines": 0, "percent_statements_covered": 0.0, "percent_statements_covered_display": "0"}, "missing_lines": [218, 219, 234, 235, 241, 242, 248, 249, 250, 251, 257, 258, 259, 265, 266, 267, 273, 274, 275, 281, 282, 286, 287], "excluded_lines": [], "start_line": 217}, "prepare_uploaded_project": {"executed_lines": [296, 299, 300, 308, 309, 310, 311, 312, 320, 322, 323, 324, 325, 327, 328, 329, 331, 332, 333, 337, 339, 340], "summary": {"covered_lines": 22, "num_statements": 28, "percent_covered": 78.57142857142857, "percent_covered_display": "79", "missing_lines": 6, "excluded_lines": 0, "percent_statements_covered": 78.57142857142857, "percent_statements_covered_display": "79"}, "missing_lines": [297, 301, 302, 313, 314, 335], "excluded_lines": [], "start_line": 294}, "ensure_project_audio": {"executed_lines": [], "summary": {"covered_lines": 0, "num_statements": 18, "percent_covered": 0.0, "percent_covered_display": "0", "missing_lines": 18, "excluded_lines": 0, "percent_statements_covered": 0.0, "percent_statements_covered_display": "0"}, "missing_lines": [345, 346, 347, 348, 349, 351, 352, 353, 355, 356, 375, 376, 377, 378, 379, 380, 382, 383], "excluded_lines": [], "start_line": 343}, "ensure_project_transcript": {"executed_lines": [], "summary": {"covered_lines": 0, "num_statements": 8, "percent_covered": 0.0, "percent_covered_display": "0", "missing_lines": 8, "excluded_lines": 0, "percent_statements_covered": 0.0, "percent_statements_covered_display": "0"}, "missing_lines": [391, 392, 393, 394, 395, 397, 398, 403], "excluded_lines": [], "start_line": 386}, "normalize_clip_payload": {"executed_lines": [407, 408, 417, 418, 419, 422, 423, 426, 427, 429], "summary": {"covered_lines": 10, "num_statements": 13, "percent_covered": 76.92307692307692, "percent_covered_display": "77", "missing_lines": 3, "excluded_lines": 0, "percent_statements_covered": 76.92307692307692, "percent_statements_covered_display": "77"}, "missing_lines": [420, 424, 435], "excluded_lines": [], "start_line": 406}, "resolve_clip_asset_paths": {"executed_lines": [447, 448, 450, 453], "summary": {"covered_lines": 4, "num_statements": 5, "percent_covered": 80.0, "percent_covered_display": "80", "missing_lines": 1, "excluded_lines": 0, "percent_statements_covered": 80.0, "percent_statements_covered_display": "80"}, "missing_lines": [451], "excluded_lines": [], "start_line": 445}, "load_clip_payload": {"executed_lines": [462, 463, 464, 466, 467], "summary": {"covered_lines": 5, "num_statements": 5, "percent_covered": 100.0, "percent_covered_display": "100", "missing_lines": 0, "excluded_lines": 0, "percent_statements_covered": 100.0, "percent_statements_covered_display": "100"}, "missing_lines": [], "excluded_lines": [], "start_line": 460}, "_normalize_project_match": {"executed_lines": [476], "summary": {"covered_lines": 1, "num_statements": 1, "percent_covered": 100.0, "percent_covered_display": "100", "missing_lines": 0, "excluded_lines": 0, "percent_statements_covered": 100.0, "percent_statements_covered_display": "100"}, "missing_lines": [], "excluded_lines": [], "start_line": 475}, "_job_matches_project": {"executed_lines": [480], "summary": {"covered_lines": 1, "num_statements": 1, "percent_covered": 100.0, "percent_covered_display": "100", "missing_lines": 0, "excluded_lines": 0, "percent_statements_covered": 100.0, "percent_statements_covered_display": "100"}, "missing_lines": [], "excluded_lines": [], "start_line": 479}, "_sorted_matching_jobs": {"executed_lines": [487, 488, 489, 490, 491, 492, 493], "summary": {"covered_lines": 7, "num_statements": 7, "percent_covered": 100.0, "percent_covered_display": "100", "missing_lines": 0, "excluded_lines": 0, "percent_statements_covered": 100.0, "percent_statements_covered_display": "100"}, "missing_lines": [], "excluded_lines": [], "start_line": 483}, "find_project_transcript_job": {"executed_lines": [500, 503, 508], "summary": {"covered_lines": 3, "num_statements": 4, "percent_covered": 75.0, "percent_covered_display": "75", "missing_lines": 1, "excluded_lines": 0, "percent_statements_covered": 75.0, "percent_statements_covered_display": "75"}, "missing_lines": [501], "excluded_lines": [], "start_line": 496}, "find_clip_recovery_job": {"executed_lines": [516, 517, 523], "summary": {"covered_lines": 3, "num_statements": 3, "percent_covered": 100.0, "percent_covered_display": "100", "missing_lines": 0, "excluded_lines": 0, "percent_statements_covered": 100.0, "percent_statements_covered_display": "100"}, "missing_lines": [], "excluded_lines": [], "start_line": 511}, "_job_error_message": {"executed_lines": [527, 528, 529, 530, 531], "summary": {"covered_lines": 5, "num_statements": 9, "percent_covered": 55.55555555555556, "percent_covered_display": "56", "missing_lines": 4, "excluded_lines": 0, "percent_statements_covered": 55.55555555555556, "percent_statements_covered_display": "56"}, "missing_lines": [532, 533, 534, 535], "excluded_lines": [], "start_line": 526}, "_resolve_recommended_recovery_strategy": {"executed_lines": [539, 540, 541, 542], "summary": {"covered_lines": 4, "num_statements": 5, "percent_covered": 80.0, "percent_covered_display": "80", "missing_lines": 1, "excluded_lines": 0, "percent_statements_covered": 80.0, "percent_statements_covered_display": "80"}, "missing_lines": [543], "excluded_lines": [], "start_line": 538}, "resolve_project_transcript_state": {"executed_lines": [547, 548, 555, 556, 557, 563, 564, 565, 571, 572], "summary": {"covered_lines": 10, "num_statements": 11, "percent_covered": 90.9090909090909, "percent_covered_display": "91", "missing_lines": 1, "excluded_lines": 0, "percent_statements_covered": 90.9090909090909, "percent_statements_covered_display": "91"}, "missing_lines": [549], "excluded_lines": [], "start_line": 546}, "_has_recovery_time_range": {"executed_lines": [580, 583, 584, 585], "summary": {"covered_lines": 4, "num_statements": 5, "percent_covered": 80.0, "percent_covered_display": "80", "missing_lines": 1, "excluded_lines": 0, "percent_statements_covered": 80.0, "percent_statements_covered_display": "80"}, "missing_lines": [581], "excluded_lines": [], "start_line": 579}, "build_clip_transcript_capabilities": {"executed_lines": [599, 600, 601, 602, 606], "summary": {"covered_lines": 5, "num_statements": 5, "percent_covered": 100.0, "percent_covered_display": "100", "missing_lines": 0, "excluded_lines": 0, "percent_statements_covered": 100.0, "percent_statements_covered_display": "100"}, "missing_lines": [], "excluded_lines": [], "start_line": 592}, "resolve_clip_transcript_state": {"executed_lines": [624, 625, 627, 635, 636, 637, 638, 645, 646, 647, 648, 649, 656, 657, 665, 666, 669, 670], "summary": {"covered_lines": 18, "num_statements": 22, "percent_covered": 81.81818181818181, "percent_covered_display": "82", "missing_lines": 4, "excluded_lines": 0, "percent_statements_covered": 81.81818181818181, "percent_statements_covered_display": "82"}, "missing_lines": [628, 658, 667, 677], "excluded_lines": [], "start_line": 617}, "build_clip_transcript_response": {"executed_lines": [686, 687, 693, 694, 703], "summary": {"covered_lines": 5, "num_statements": 5, "percent_covered": 100.0, "percent_covered_display": "100", "missing_lines": 0, "excluded_lines": 0, "percent_statements_covered": 100.0, "percent_statements_covered_display": "100"}, "missing_lines": [], "excluded_lines": [], "start_line": 685}, "extract_ui_title": {"executed_lines": [707, 710, 711, 712, 713, 714, 716, 717, 718, 719, 720], "summary": {"covered_lines": 11, "num_statements": 13, "percent_covered": 84.61538461538461, "percent_covered_display": "85", "missing_lines": 2, "excluded_lines": 0, "percent_statements_covered": 84.61538461538461, "percent_statements_covered_display": "85"}, "missing_lines": [708, 722], "excluded_lines": [], "start_line": 706}, "_is_internal_short_asset": {"executed_lines": [727, 728], "summary": {"covered_lines": 2, "num_statements": 2, "percent_covered": 100.0, "percent_covered_display": "100", "missing_lines": 0, "excluded_lines": 0, "percent_statements_covered": 100.0, "percent_statements_covered_display": "100"}, "missing_lines": [], "excluded_lines": [], "start_line": 725}, "_count_legacy_flat_project_dirs": {"executed_lines": [733, 734, 735, 737, 738, 739, 740, 741], "summary": {"covered_lines": 8, "num_statements": 9, "percent_covered": 88.88888888888889, "percent_covered_display": "89", "missing_lines": 1, "excluded_lines": 0, "percent_statements_covered": 88.88888888888889, "percent_statements_covered_display": "89"}, "missing_lines": [736], "excluded_lines": [], "start_line": 731}, "_scan_clips_index": {"executed_lines": [746, 747, 750, 764, 765, 766, 767, 770, 774, 775, 776, 780, 781, 782, 783, 784, 785, 786, 788, 789, 790, 791, 793, 794, 795, 796, 797, 798, 799, 800, 801, 807, 815, 817, 818, 837], "summary": {"covered_lines": 36, "num_statements": 47, "percent_covered": 76.59574468085107, "percent_covered_display": "77", "missing_lines": 11, "excluded_lines": 0, "percent_statements_covered": 76.59574468085107, "percent_statements_covered_display": "77"}, "missing_lines": [748, 768, 769, 771, 772, 777, 778, 802, 803, 804, 805], "excluded_lines": [], "start_line": 744}, "_get_clip_index": {"executed_lines": [842, 843, 844, 848, 849, 850, 851, 852], "summary": {"covered_lines": 8, "num_statements": 8, "percent_covered": 100.0, "percent_covered_display": "100", "missing_lines": 0, "excluded_lines": 0, "percent_statements_covered": 100.0, "percent_statements_covered_display": "100"}, "missing_lines": [], "excluded_lines": [], "start_line": 840}, "list_projects": {"executed_lines": [860, 861, 862, 863, 864, 865, 867, 873], "summary": {"covered_lines": 8, "num_statements": 9, "percent_covered": 88.88888888888889, "percent_covered_display": "89", "missing_lines": 1, "excluded_lines": 0, "percent_statements_covered": 88.88888888888889, "percent_statements_covered_display": "89"}, "missing_lines": [866], "excluded_lines": [], "start_line": 856}, "create_project_support_grant": {"executed_lines": [883, 884, 888, 889, 890, 891, 893, 899, 905], "summary": {"covered_lines": 9, "num_statements": 11, "percent_covered": 81.81818181818181, "percent_covered_display": "82", "missing_lines": 2, "excluded_lines": 0, "percent_statements_covered": 81.81818181818181, "percent_statements_covered_display": "82"}, "missing_lines": [885, 886], "excluded_lines": [], "start_line": 877}, "delete_project_support_grant": {"executed_lines": [920, 921, 925, 926, 927, 932, 938], "summary": {"covered_lines": 7, "num_statements": 9, "percent_covered": 77.77777777777777, "percent_covered_display": "78", "missing_lines": 2, "excluded_lines": 0, "percent_statements_covered": 77.77777777777777, "percent_statements_covered_display": "78"}, "missing_lines": [922, 923], "excluded_lines": [], "start_line": 914}, "get_project_master_video": {"executed_lines": [952, 953, 956, 958, 959, 962], "summary": {"covered_lines": 6, "num_statements": 9, "percent_covered": 66.66666666666667, "percent_covered_display": "67", "missing_lines": 3, "excluded_lines": 0, "percent_statements_covered": 66.66666666666667, "percent_statements_covered_display": "67"}, "missing_lines": [954, 955, 960], "excluded_lines": [], "start_line": 946}, "get_project_short_asset": {"executed_lines": [973], "summary": {"covered_lines": 1, "num_statements": 7, "percent_covered": 14.285714285714286, "percent_covered_display": "14", "missing_lines": 6, "excluded_lines": 0, "percent_statements_covered": 14.285714285714286, "percent_statements_covered_display": "14"}, "missing_lines": [974, 979, 980, 982, 983, 984], "excluded_lines": [], "start_line": 966}, "delete_project_short": {"executed_lines": [995, 996, 998, 999, 1003, 1006, 1007, 1012, 1013, 1016, 1017, 1018, 1019, 1020, 1021, 1024, 1026, 1027, 1029], "summary": {"covered_lines": 19, "num_statements": 25, "percent_covered": 76.0, "percent_covered_display": "76", "missing_lines": 6, "excluded_lines": 0, "percent_statements_covered": 76.0, "percent_statements_covered_display": "76"}, "missing_lines": [1000, 1001, 1004, 1014, 1022, 1023], "excluded_lines": [], "start_line": 988}, "list_clips": {"executed_lines": [1044, 1045, 1046, 1047, 1048, 1049, 1050, 1051, 1053, 1059, 1060, 1061, 1062, 1064, 1071, 1072, 1073], "summary": {"covered_lines": 17, "num_statements": 17, "percent_covered": 100.0, "percent_covered_display": "100", "missing_lines": 0, "excluded_lines": 0, "percent_statements_covered": 100.0, "percent_statements_covered_display": "100"}, "missing_lines": [], "excluded_lines": [], "start_line": 1038}, "get_clip_transcript": {"executed_lines": [1084, 1086, 1087, 1090, 1091, 1094], "summary": {"covered_lines": 6, "num_statements": 12, "percent_covered": 50.0, "percent_covered_display": "50", "missing_lines": 6, "excluded_lines": 0, "percent_statements_covered": 50.0, "percent_statements_covered_display": "50"}, "missing_lines": [1085, 1088, 1089, 1092, 1093, 1096], "excluded_lines": [], "start_line": 1077}, "get_project_file": {"executed_lines": [], "summary": {"covered_lines": 0, "num_statements": 4, "percent_covered": 0.0, "percent_covered_display": "0", "missing_lines": 4, "excluded_lines": 0, "percent_statements_covered": 0.0, "percent_statements_covered_display": "0"}, "missing_lines": [1108, 1109, 1110, 1111], "excluded_lines": [], "start_line": 1100}, "get_project_file_with_clip_name": {"executed_lines": [], "summary": {"covered_lines": 0, "num_statements": 4, "percent_covered": 0.0, "percent_covered_display": "0", "missing_lines": 4, "excluded_lines": 0, "percent_statements_covered": 0.0, "percent_statements_covered_display": "0"}, "missing_lines": [1123, 1124, 1125, 1126], "excluded_lines": [], "start_line": 1115}, "upload_local_video": {"executed_lines": [], "summary": {"covered_lines": 0, "num_statements": 10, "percent_covered": 0.0, "percent_covered_display": "0", "missing_lines": 10, "excluded_lines": 0, "percent_statements_covered": 0.0, "percent_statements_covered_display": "0"}, "missing_lines": [1135, 1137, 1138, 1145, 1148, 1149, 1160, 1168, 1190, 1191], "excluded_lines": [], "start_line": 1130}, "upload_local_video._run": {"executed_lines": [], "summary": {"covered_lines": 0, "num_statements": 13, "percent_covered": 0.0, "percent_covered_display": "0", "missing_lines": 13, "excluded_lines": 0, "percent_statements_covered": 0.0, "percent_statements_covered_display": "0"}, "missing_lines": [1169, 1170, 1171, 1173, 1174, 1175, 1176, 1177, 1179, 1185, 1186, 1187, 1188], "excluded_lines": [], "start_line": 1168}, "": {"executed_lines": [10, 11, 12, 13, 14, 15, 16, 17, 18, 19, 20, 21, 22, 24, 25, 26, 27, 29, 30, 34, 35, 36, 37, 38, 48, 56, 57, 60, 70, 80, 82, 83, 84, 85, 86, 87, 88, 91, 92, 93, 96, 97, 99, 100, 101, 102, 105, 106, 109, 123, 132, 171, 176, 186, 210, 217, 294, 343, 386, 406, 445, 460, 475, 479, 483, 496, 511, 526, 538, 546, 579, 592, 617, 685, 706, 725, 731, 744, 840, 855, 856, 876, 877, 913, 914, 945, 946, 965, 966, 987, 988, 1037, 1038, 1076, 1077, 1099, 1100, 1114, 1115, 1129, 1130], "summary": {"covered_lines": 101, "num_statements": 101, "percent_covered": 100.0, "percent_covered_display": "100", "missing_lines": 0, "excluded_lines": 0, "percent_statements_covered": 100.0, "percent_statements_covered_display": "100"}, "missing_lines": [], "excluded_lines": [], "start_line": 1}}, "classes": {"SupportGrantRequest": {"executed_lines": [], "summary": {"covered_lines": 0, "num_statements": 0, "percent_covered": 100.0, "percent_covered_display": "100", "missing_lines": 0, "excluded_lines": 0, "percent_statements_covered": 100.0, "percent_statements_covered_display": "100"}, "missing_lines": [], "excluded_lines": [], "start_line": 91}, "ClipsCacheState": {"executed_lines": [], "summary": {"covered_lines": 0, "num_statements": 0, "percent_covered": 100.0, "percent_covered_display": "100", "missing_lines": 0, "excluded_lines": 0, "percent_statements_covered": 100.0, "percent_statements_covered_display": "100"}, "missing_lines": [], "excluded_lines": [], "start_line": 97}, "": {"executed_lines": [10, 11, 12, 13, 14, 15, 16, 17, 18, 19, 20, 21, 22, 24, 25, 26, 27, 29, 30, 34, 35, 36, 37, 38, 48, 56, 57, 60, 62, 63, 64, 65, 66, 67, 70, 80, 82, 83, 84, 85, 86, 87, 88, 91, 92, 93, 96, 97, 99, 100, 101, 102, 105, 106, 109, 111, 112, 113, 114, 115, 116, 123, 125, 126, 128, 129, 132, 171, 173, 176, 177, 178, 182, 183, 186, 210, 217, 294, 296, 299, 300, 308, 309, 310, 311, 312, 320, 322, 323, 324, 325, 327, 328, 329, 331, 332, 333, 337, 339, 340, 343, 386, 406, 407, 408, 417, 418, 419, 422, 423, 426, 427, 429, 445, 447, 448, 450, 453, 460, 462, 463, 464, 466, 467, 475, 476, 479, 480, 483, 487, 488, 489, 490, 491, 492, 493, 496, 500, 503, 508, 511, 516, 517, 523, 526, 527, 528, 529, 530, 531, 538, 539, 540, 541, 542, 546, 547, 548, 555, 556, 557, 563, 564, 565, 571, 572, 579, 580, 583, 584, 585, 592, 599, 600, 601, 602, 606, 617, 624, 625, 627, 635, 636, 637, 638, 645, 646, 647, 648, 649, 656, 657, 665, 666, 669, 670, 685, 686, 687, 693, 694, 703, 706, 707, 710, 711, 712, 713, 714, 716, 717, 718, 719, 720, 725, 727, 728, 731, 733, 734, 735, 737, 738, 739, 740, 741, 744, 746, 747, 750, 764, 765, 766, 767, 770, 774, 775, 776, 780, 781, 782, 783, 784, 785, 786, 788, 789, 790, 791, 793, 794, 795, 796, 797, 798, 799, 800, 801, 807, 815, 817, 818, 837, 840, 842, 843, 844, 848, 849, 850, 851, 852, 855, 856, 860, 861, 862, 863, 864, 865, 867, 873, 876, 877, 883, 884, 888, 889, 890, 891, 893, 899, 905, 913, 914, 920, 921, 925, 926, 927, 932, 938, 945, 946, 952, 953, 956, 958, 959, 962, 965, 966, 973, 987, 988, 995, 996, 998, 999, 1003, 1006, 1007, 1012, 1013, 1016, 1017, 1018, 1019, 1020, 1021, 1024, 1026, 1027, 1029, 1037, 1038, 1044, 1045, 1046, 1047, 1048, 1049, 1050, 1051, 1053, 1059, 1060, 1061, 1062, 1064, 1071, 1072, 1073, 1076, 1077, 1084, 1086, 1087, 1090, 1091, 1094, 1099, 1100, 1114, 1115, 1129, 1130], "summary": {"covered_lines": 367, "num_statements": 557, "percent_covered": 65.8886894075404, "percent_covered_display": "66", "missing_lines": 190, "excluded_lines": 0, "percent_statements_covered": 65.8886894075404, "percent_statements_covered_display": "66"}, "missing_lines": [72, 73, 74, 75, 76, 77, 127, 134, 135, 136, 137, 139, 140, 142, 144, 145, 146, 147, 149, 150, 151, 152, 153, 154, 156, 157, 159, 160, 162, 163, 165, 166, 168, 179, 180, 192, 194, 195, 196, 197, 199, 200, 201, 203, 204, 205, 207, 211, 218, 219, 234, 235, 241, 242, 248, 249, 250, 251, 257, 258, 259, 265, 266, 267, 273, 274, 275, 281, 282, 286, 287, 297, 301, 302, 313, 314, 335, 345, 346, 347, 348, 349, 351, 352, 353, 355, 356, 375, 376, 377, 378, 379, 380, 382, 383, 391, 392, 393, 394, 395, 397, 398, 403, 420, 424, 435, 451, 501, 532, 533, 534, 535, 543, 549, 581, 628, 658, 667, 677, 708, 722, 736, 748, 768, 769, 771, 772, 777, 778, 802, 803, 804, 805, 866, 885, 886, 922, 923, 954, 955, 960, 974, 979, 980, 982, 983, 984, 1000, 1001, 1004, 1014, 1022, 1023, 1085, 1088, 1089, 1092, 1093, 1096, 1108, 1109, 1110, 1111, 1123, 1124, 1125, 1126, 1135, 1137, 1138, 1145, 1148, 1149, 1160, 1168, 1169, 1170, 1171, 1173, 1174, 1175, 1176, 1177, 1179, 1185, 1186, 1187, 1188, 1190, 1191], "excluded_lines": [], "start_line": 1}}}, "backend/api/routes/editor.py": {"executed_lines": [10, 11, 12, 13, 14, 15, 16, 17, 19, 20, 21, 23, 27, 28, 29, 30, 43, 44, 45, 46, 47, 56, 57, 59, 60, 61, 62, 65, 66, 67, 68, 80, 81, 82, 95, 96, 97, 100, 101, 102, 105, 108, 138, 143, 144, 145, 148, 149, 152, 153, 154, 155, 157, 158, 159, 160, 161, 162, 165, 170, 171, 172, 173, 176, 177, 178, 179, 181, 182, 183, 184, 185, 190, 191, 192, 193, 195, 196, 197, 202, 203, 204, 205, 209, 210, 211, 212, 213, 214, 220, 226, 227, 228, 230, 231, 232, 233, 234, 238, 245, 246, 248, 249, 258, 261, 262, 263, 264, 268, 274, 277, 278, 284, 285, 286, 289, 291, 292, 293, 305, 313, 314, 315, 316, 317, 318, 319, 320, 321, 322, 326, 327, 328, 329, 333, 347, 348, 349, 350, 351, 352, 353, 354, 360, 362, 363, 364, 367, 383, 384, 581, 582, 588, 595, 596, 599, 601, 602, 604, 605, 610, 611, 618, 619, 620, 623, 633, 634, 639, 640, 643, 645, 646, 647, 700, 701, 707, 708, 709, 712, 714, 715, 716, 717, 718, 720, 721, 723, 726, 727, 730, 731, 732, 745, 753, 754, 755, 756, 757, 758, 759, 765, 766, 767, 768, 769, 770, 777, 778, 779, 780, 787, 793, 794, 795, 798, 799, 866, 867], "summary": {"covered_lines": 219, "num_statements": 465, "percent_covered": 47.096774193548384, "percent_covered_display": "47", "missing_lines": 246, "excluded_lines": 0, "percent_statements_covered": 47.096774193548384, "percent_statements_covered_display": "47"}, "missing_lines": [84, 85, 86, 87, 88, 90, 91, 92, 98, 103, 109, 110, 129, 130, 131, 132, 146, 150, 174, 198, 199, 206, 215, 216, 217, 244, 247, 259, 287, 288, 331, 355, 356, 357, 358, 369, 370, 371, 372, 373, 374, 375, 376, 377, 378, 379, 380, 401, 402, 403, 404, 405, 406, 407, 408, 409, 410, 411, 412, 413, 414, 415, 416, 418, 420, 421, 422, 423, 425, 426, 427, 428, 429, 431, 447, 455, 456, 457, 458, 459, 460, 461, 463, 469, 470, 472, 473, 474, 475, 476, 477, 488, 489, 490, 491, 492, 493, 494, 495, 497, 498, 499, 500, 501, 502, 503, 504, 519, 520, 521, 522, 523, 524, 525, 526, 528, 529, 530, 531, 532, 533, 535, 549, 550, 551, 552, 553, 554, 555, 557, 558, 559, 560, 561, 563, 564, 565, 566, 567, 569, 570, 571, 589, 597, 598, 606, 607, 621, 622, 624, 626, 628, 629, 630, 641, 642, 649, 650, 651, 653, 654, 655, 666, 674, 675, 676, 677, 678, 679, 680, 684, 689, 690, 691, 692, 693, 695, 696, 697, 710, 711, 722, 724, 728, 788, 789, 790, 791, 805, 806, 807, 808, 809, 810, 812, 813, 814, 826, 834, 835, 836, 837, 838, 839, 840, 841, 842, 843, 853, 854, 855, 856, 857, 859, 861, 862, 863, 873, 874, 875, 876, 877, 878, 880, 881, 882, 894, 902, 903, 904, 905, 906, 907, 908, 909, 910, 911, 918, 919, 920, 921, 922, 924, 926, 927, 928], "excluded_lines": [], "functions": {"_write_clip_metadata": {"executed_lines": [66, 67, 68], "summary": {"covered_lines": 3, "num_statements": 3, "percent_covered": 100.0, "percent_covered_display": "100", "missing_lines": 0, "excluded_lines": 0, "percent_statements_covered": 100.0, "percent_statements_covered_display": "100"}, "missing_lines": [], "excluded_lines": [], "start_line": 65}, "_resolve_recovery_project_id": {"executed_lines": [81, 82], "summary": {"covered_lines": 2, "num_statements": 10, "percent_covered": 20.0, "percent_covered_display": "20", "missing_lines": 8, "excluded_lines": 0, "percent_statements_covered": 20.0, "percent_statements_covered_display": "20"}, "missing_lines": [84, 85, 86, 87, 88, 90, 91, 92], "excluded_lines": [], "start_line": 80}, "_extract_render_range": {"executed_lines": [96, 97, 100, 101, 102, 105], "summary": {"covered_lines": 6, "num_statements": 8, "percent_covered": 75.0, "percent_covered_display": "75", "missing_lines": 2, "excluded_lines": 0, "percent_statements_covered": 75.0, "percent_statements_covered_display": "75"}, "missing_lines": [98, 103], "excluded_lines": [], "start_line": 95}, "_extract_audio_from_video": {"executed_lines": [], "summary": {"covered_lines": 0, "num_statements": 6, "percent_covered": 0.0, "percent_covered_display": "0", "missing_lines": 6, "excluded_lines": 0, "percent_statements_covered": 0.0, "percent_statements_covered_display": "0"}, "missing_lines": [109, 110, 129, 130, 131, 132], "excluded_lines": [], "start_line": 108}, "_recover_clip_transcript_from_project": {"executed_lines": [143, 144, 145, 148, 149, 152, 153, 154, 155, 157, 158, 159, 160, 161, 162], "summary": {"covered_lines": 15, "num_statements": 17, "percent_covered": 88.23529411764706, "percent_covered_display": "88", "missing_lines": 2, "excluded_lines": 0, "percent_statements_covered": 88.23529411764706, "percent_statements_covered_display": "88"}, "missing_lines": [146, 150], "excluded_lines": [], "start_line": 138}, "_recover_clip_transcript_from_source": {"executed_lines": [170, 171, 172, 173, 176, 177, 178, 179, 181, 182, 183, 184, 185, 190, 191, 192, 193, 195, 196, 197], "summary": {"covered_lines": 20, "num_statements": 23, "percent_covered": 86.95652173913044, "percent_covered_display": "87", "missing_lines": 3, "excluded_lines": 0, "percent_statements_covered": 86.95652173913044, "percent_statements_covered_display": "87"}, "missing_lines": [174, 198, 199], "excluded_lines": [], "start_line": 165}, "_resolve_auto_recovery_strategy": {"executed_lines": [203, 204, 205], "summary": {"covered_lines": 3, "num_statements": 4, "percent_covered": 75.0, "percent_covered_display": "75", "missing_lines": 1, "excluded_lines": 0, "percent_statements_covered": 75.0, "percent_statements_covered_display": "75"}, "missing_lines": [206], "excluded_lines": [], "start_line": 202}, "_resolve_effective_recovery_project_id": {"executed_lines": [210, 211, 212, 213, 214], "summary": {"covered_lines": 5, "num_statements": 8, "percent_covered": 62.5, "percent_covered_display": "62", "missing_lines": 3, "excluded_lines": 0, "percent_statements_covered": 62.5, "percent_statements_covered_display": "62"}, "missing_lines": [215, 216, 217], "excluded_lines": [], "start_line": 209}, "_run_auto_clip_transcript_recovery": {"executed_lines": [226, 227, 228, 230, 231, 232, 233, 234, 238, 245, 246, 248, 249, 258, 261, 262, 263, 264, 268, 274], "summary": {"covered_lines": 20, "num_statements": 23, "percent_covered": 86.95652173913044, "percent_covered_display": "87", "missing_lines": 3, "excluded_lines": 0, "percent_statements_covered": 86.95652173913044, "percent_statements_covered_display": "87"}, "missing_lines": [244, 247, 259], "excluded_lines": [], "start_line": 220}, "process_batch_clips": {"executed_lines": [284, 285, 286, 289, 291, 292, 293, 305, 313, 362, 363, 364], "summary": {"covered_lines": 12, "num_statements": 14, "percent_covered": 85.71428571428571, "percent_covered_display": "86", "missing_lines": 2, "excluded_lines": 0, "percent_statements_covered": 85.71428571428571, "percent_statements_covered_display": "86"}, "missing_lines": [287, 288], "excluded_lines": [], "start_line": 278}, "process_batch_clips._run": {"executed_lines": [314, 315, 316, 317, 318, 319, 320, 321, 322, 326, 327, 328, 329, 333, 347, 348, 349, 350, 351, 352, 353, 354, 360], "summary": {"covered_lines": 23, "num_statements": 28, "percent_covered": 82.14285714285714, "percent_covered_display": "82", "missing_lines": 5, "excluded_lines": 0, "percent_statements_covered": 82.14285714285714, "percent_statements_covered_display": "82"}, "missing_lines": [331, 355, 356, 357, 358], "excluded_lines": [], "start_line": 313}, "_parse_cut_points": {"executed_lines": [], "summary": {"covered_lines": 0, "num_statements": 12, "percent_covered": 0.0, "percent_covered_display": "0", "missing_lines": 12, "excluded_lines": 0, "percent_statements_covered": 0.0, "percent_statements_covered_display": "0"}, "missing_lines": [369, 370, 371, 372, 373, 374, 375, 376, 377, 378, 379, 380], "excluded_lines": [], "start_line": 367}, "manual_cut_upload": {"executed_lines": [], "summary": {"covered_lines": 0, "num_statements": 32, "percent_covered": 0.0, "percent_covered_display": "0", "missing_lines": 32, "excluded_lines": 0, "percent_statements_covered": 0.0, "percent_statements_covered_display": "0"}, "missing_lines": [401, 402, 403, 404, 405, 406, 407, 408, 409, 410, 411, 412, 413, 414, 415, 416, 418, 420, 421, 422, 423, 425, 426, 427, 428, 429, 431, 447, 455, 569, 570, 571], "excluded_lines": [], "start_line": 384}, "manual_cut_upload._run": {"executed_lines": [], "summary": {"covered_lines": 0, "num_statements": 63, "percent_covered": 0.0, "percent_covered_display": "0", "missing_lines": 63, "excluded_lines": 0, "percent_statements_covered": 0.0, "percent_statements_covered_display": "0"}, "missing_lines": [456, 457, 458, 459, 460, 461, 463, 469, 470, 472, 473, 474, 475, 476, 477, 488, 489, 490, 491, 492, 493, 494, 495, 497, 498, 499, 500, 501, 502, 503, 504, 519, 520, 521, 522, 523, 524, 525, 526, 528, 529, 530, 531, 532, 533, 535, 549, 550, 551, 552, 553, 554, 555, 557, 558, 559, 560, 561, 563, 564, 565, 566, 567], "excluded_lines": [], "start_line": 455}, "get_transcript": {"executed_lines": [588, 595, 596, 599, 601, 602, 604, 605], "summary": {"covered_lines": 8, "num_statements": 13, "percent_covered": 61.53846153846154, "percent_covered_display": "62", "missing_lines": 5, "excluded_lines": 0, "percent_statements_covered": 61.53846153846154, "percent_statements_covered_display": "62"}, "missing_lines": [589, 597, 598, 606, 607], "excluded_lines": [], "start_line": 582}, "save_transcript": {"executed_lines": [618, 619, 620, 623], "summary": {"covered_lines": 4, "num_statements": 11, "percent_covered": 36.36363636363637, "percent_covered_display": "36", "missing_lines": 7, "excluded_lines": 0, "percent_statements_covered": 36.36363636363637, "percent_statements_covered_display": "36"}, "missing_lines": [621, 622, 624, 626, 628, 629, 630], "excluded_lines": [], "start_line": 611}, "recover_project_transcript": {"executed_lines": [639, 640, 643, 645, 646, 647], "summary": {"covered_lines": 6, "num_statements": 19, "percent_covered": 31.57894736842105, "percent_covered_display": "32", "missing_lines": 13, "excluded_lines": 0, "percent_statements_covered": 31.57894736842105, "percent_statements_covered_display": "32"}, "missing_lines": [641, 642, 649, 650, 651, 653, 654, 655, 666, 674, 695, 696, 697], "excluded_lines": [], "start_line": 634}, "recover_project_transcript._run": {"executed_lines": [], "summary": {"covered_lines": 0, "num_statements": 12, "percent_covered": 0.0, "percent_covered_display": "0", "missing_lines": 12, "excluded_lines": 0, "percent_statements_covered": 0.0, "percent_statements_covered_display": "0"}, "missing_lines": [675, 676, 677, 678, 679, 680, 684, 689, 690, 691, 692, 693], "excluded_lines": [], "start_line": 674}, "recover_clip_transcript": {"executed_lines": [707, 708, 709, 712, 714, 715, 716, 717, 718, 720, 721, 723, 726, 727, 730, 731, 732, 745, 753, 793, 794, 795], "summary": {"covered_lines": 22, "num_statements": 27, "percent_covered": 81.48148148148148, "percent_covered_display": "81", "missing_lines": 5, "excluded_lines": 0, "percent_statements_covered": 81.48148148148148, "percent_statements_covered_display": "81"}, "missing_lines": [710, 711, 722, 724, 728], "excluded_lines": [], "start_line": 701}, "recover_clip_transcript._run": {"executed_lines": [754, 755, 756, 757, 758, 759, 765, 766, 767, 768, 769, 770, 777, 778, 779, 780, 787], "summary": {"covered_lines": 17, "num_statements": 21, "percent_covered": 80.95238095238095, "percent_covered_display": "81", "missing_lines": 4, "excluded_lines": 0, "percent_statements_covered": 80.95238095238095, "percent_statements_covered_display": "81"}, "missing_lines": [788, 789, 790, 791], "excluded_lines": [], "start_line": 753}, "process_manual_clip": {"executed_lines": [], "summary": {"covered_lines": 0, "num_statements": 14, "percent_covered": 0.0, "percent_covered_display": "0", "missing_lines": 14, "excluded_lines": 0, "percent_statements_covered": 0.0, "percent_statements_covered_display": "0"}, "missing_lines": [805, 806, 807, 808, 809, 810, 812, 813, 814, 826, 834, 861, 862, 863], "excluded_lines": [], "start_line": 799}, "process_manual_clip._run": {"executed_lines": [], "summary": {"covered_lines": 0, "num_statements": 15, "percent_covered": 0.0, "percent_covered_display": "0", "missing_lines": 15, "excluded_lines": 0, "percent_statements_covered": 0.0, "percent_statements_covered_display": "0"}, "missing_lines": [835, 836, 837, 838, 839, 840, 841, 842, 843, 853, 854, 855, 856, 857, 859], "excluded_lines": [], "start_line": 834}, "reburn_clip": {"executed_lines": [], "summary": {"covered_lines": 0, "num_statements": 14, "percent_covered": 0.0, "percent_covered_display": "0", "missing_lines": 14, "excluded_lines": 0, "percent_statements_covered": 0.0, "percent_statements_covered_display": "0"}, "missing_lines": [873, 874, 875, 876, 877, 878, 880, 881, 882, 894, 902, 926, 927, 928], "excluded_lines": [], "start_line": 867}, "reburn_clip._run": {"executed_lines": [], "summary": {"covered_lines": 0, "num_statements": 15, "percent_covered": 0.0, "percent_covered_display": "0", "missing_lines": 15, "excluded_lines": 0, "percent_statements_covered": 0.0, "percent_statements_covered_display": "0"}, "missing_lines": [903, 904, 905, 906, 907, 908, 909, 910, 911, 918, 919, 920, 921, 922, 924], "excluded_lines": [], "start_line": 902}, "": {"executed_lines": [10, 11, 12, 13, 14, 15, 16, 17, 19, 20, 21, 23, 27, 28, 29, 30, 43, 44, 45, 46, 47, 56, 57, 59, 60, 61, 62, 65, 80, 95, 108, 138, 165, 202, 209, 220, 277, 278, 367, 383, 384, 581, 582, 610, 611, 633, 634, 700, 701, 798, 799, 866, 867], "summary": {"covered_lines": 53, "num_statements": 53, "percent_covered": 100.0, "percent_covered_display": "100", "missing_lines": 0, "excluded_lines": 0, "percent_statements_covered": 100.0, "percent_statements_covered_display": "100"}, "missing_lines": [], "excluded_lines": [], "start_line": 1}}, "classes": {"": {"executed_lines": [10, 11, 12, 13, 14, 15, 16, 17, 19, 20, 21, 23, 27, 28, 29, 30, 43, 44, 45, 46, 47, 56, 57, 59, 60, 61, 62, 65, 66, 67, 68, 80, 81, 82, 95, 96, 97, 100, 101, 102, 105, 108, 138, 143, 144, 145, 148, 149, 152, 153, 154, 155, 157, 158, 159, 160, 161, 162, 165, 170, 171, 172, 173, 176, 177, 178, 179, 181, 182, 183, 184, 185, 190, 191, 192, 193, 195, 196, 197, 202, 203, 204, 205, 209, 210, 211, 212, 213, 214, 220, 226, 227, 228, 230, 231, 232, 233, 234, 238, 245, 246, 248, 249, 258, 261, 262, 263, 264, 268, 274, 277, 278, 284, 285, 286, 289, 291, 292, 293, 305, 313, 314, 315, 316, 317, 318, 319, 320, 321, 322, 326, 327, 328, 329, 333, 347, 348, 349, 350, 351, 352, 353, 354, 360, 362, 363, 364, 367, 383, 384, 581, 582, 588, 595, 596, 599, 601, 602, 604, 605, 610, 611, 618, 619, 620, 623, 633, 634, 639, 640, 643, 645, 646, 647, 700, 701, 707, 708, 709, 712, 714, 715, 716, 717, 718, 720, 721, 723, 726, 727, 730, 731, 732, 745, 753, 754, 755, 756, 757, 758, 759, 765, 766, 767, 768, 769, 770, 777, 778, 779, 780, 787, 793, 794, 795, 798, 799, 866, 867], "summary": {"covered_lines": 219, "num_statements": 465, "percent_covered": 47.096774193548384, "percent_covered_display": "47", "missing_lines": 246, "excluded_lines": 0, "percent_statements_covered": 47.096774193548384, "percent_statements_covered_display": "47"}, "missing_lines": [84, 85, 86, 87, 88, 90, 91, 92, 98, 103, 109, 110, 129, 130, 131, 132, 146, 150, 174, 198, 199, 206, 215, 216, 217, 244, 247, 259, 287, 288, 331, 355, 356, 357, 358, 369, 370, 371, 372, 373, 374, 375, 376, 377, 378, 379, 380, 401, 402, 403, 404, 405, 406, 407, 408, 409, 410, 411, 412, 413, 414, 415, 416, 418, 420, 421, 422, 423, 425, 426, 427, 428, 429, 431, 447, 455, 456, 457, 458, 459, 460, 461, 463, 469, 470, 472, 473, 474, 475, 476, 477, 488, 489, 490, 491, 492, 493, 494, 495, 497, 498, 499, 500, 501, 502, 503, 504, 519, 520, 521, 522, 523, 524, 525, 526, 528, 529, 530, 531, 532, 533, 535, 549, 550, 551, 552, 553, 554, 555, 557, 558, 559, 560, 561, 563, 564, 565, 566, 567, 569, 570, 571, 589, 597, 598, 606, 607, 621, 622, 624, 626, 628, 629, 630, 641, 642, 649, 650, 651, 653, 654, 655, 666, 674, 675, 676, 677, 678, 679, 680, 684, 689, 690, 691, 692, 693, 695, 696, 697, 710, 711, 722, 724, 728, 788, 789, 790, 791, 805, 806, 807, 808, 809, 810, 812, 813, 814, 826, 834, 835, 836, 837, 838, 839, 840, 841, 842, 843, 853, 854, 855, 856, 857, 859, 861, 862, 863, 873, 874, 875, 876, 877, 878, 880, 881, 882, 894, 902, 903, 904, 905, 906, 907, 908, 909, 910, 911, 918, 919, 920, 921, 922, 924, 926, 927, 928], "excluded_lines": [], "start_line": 1}}}, "backend/api/routes/jobs.py": {"executed_lines": [10, 11, 12, 13, 14, 16, 17, 19, 20, 21, 22, 23, 24, 25, 26, 27, 28, 29, 37, 38, 40, 43, 44, 45, 47, 48, 49, 50, 54, 55, 56, 64, 65, 66, 74, 76, 77, 78, 82, 83, 85, 86, 87, 93, 95, 100, 101, 114, 115, 119, 120, 126, 145, 146, 156, 157, 162, 163, 168, 169, 244, 245, 246, 250, 251, 257, 258, 259, 265, 266, 267, 269, 271, 272, 273, 281, 282, 292, 293, 294, 296, 297, 310, 311, 312, 313, 321, 332, 333, 337, 338, 347, 348, 353, 356, 357, 358, 359, 362, 363, 364, 366, 367, 371, 372], "summary": {"covered_lines": 105, "num_statements": 153, "percent_covered": 68.62745098039215, "percent_covered_display": "69", "missing_lines": 48, "excluded_lines": 0, "percent_statements_covered": 68.62745098039215, "percent_statements_covered_display": "69"}, "missing_lines": [46, 51, 57, 58, 59, 60, 61, 67, 79, 80, 121, 122, 123, 124, 128, 129, 130, 131, 132, 133, 135, 136, 137, 138, 150, 171, 172, 173, 174, 176, 177, 186, 198, 199, 200, 209, 210, 211, 219, 224, 225, 234, 268, 270, 354, 360, 368, 369], "excluded_lines": [], "functions": {"_finalize_job": {"executed_lines": [44, 45, 47, 48, 49, 50], "summary": {"covered_lines": 6, "num_statements": 8, "percent_covered": 75.0, "percent_covered_display": "75", "missing_lines": 2, "excluded_lines": 0, "percent_statements_covered": 75.0, "percent_statements_covered_display": "75"}, "missing_lines": [46, 51], "excluded_lines": [], "start_line": 43}, "_build_cache_status_message": {"executed_lines": [55, 56], "summary": {"covered_lines": 2, "num_statements": 7, "percent_covered": 28.571428571428573, "percent_covered_display": "29", "missing_lines": 5, "excluded_lines": 0, "percent_statements_covered": 28.571428571428573, "percent_statements_covered_display": "29"}, "missing_lines": [57, 58, 59, 60, 61], "excluded_lines": [], "start_line": 54}, "_build_start_job_cached_message": {"executed_lines": [65, 66], "summary": {"covered_lines": 2, "num_statements": 3, "percent_covered": 66.66666666666667, "percent_covered_display": "67", "missing_lines": 1, "excluded_lines": 0, "percent_statements_covered": 66.66666666666667, "percent_statements_covered_display": "67"}, "missing_lines": [67], "excluded_lines": [], "start_line": 64}, "run_gpu_job": {"executed_lines": [76, 77, 78, 82, 83, 85, 86, 87, 93, 95, 100, 101, 114, 115, 119, 120, 126], "summary": {"covered_lines": 17, "num_statements": 33, "percent_covered": 51.515151515151516, "percent_covered_display": "52", "missing_lines": 16, "excluded_lines": 0, "percent_statements_covered": 51.515151515151516, "percent_statements_covered_display": "52"}, "missing_lines": [79, 80, 121, 122, 123, 124, 128, 129, 130, 131, 132, 133, 135, 136, 137, 138], "excluded_lines": [], "start_line": 74}, "get_available_styles": {"executed_lines": [], "summary": {"covered_lines": 0, "num_statements": 1, "percent_covered": 0.0, "percent_covered_display": "0", "missing_lines": 1, "excluded_lines": 0, "percent_statements_covered": 0.0, "percent_statements_covered_display": "0"}, "missing_lines": [150], "excluded_lines": [], "start_line": 146}, "_inspect_pipeline_cache_state": {"executed_lines": [157, 162, 163, 168, 169], "summary": {"covered_lines": 5, "num_statements": 22, "percent_covered": 22.727272727272727, "percent_covered_display": "23", "missing_lines": 17, "excluded_lines": 0, "percent_statements_covered": 22.727272727272727, "percent_statements_covered_display": "23"}, "missing_lines": [171, 172, 173, 174, 176, 177, 186, 198, 199, 200, 209, 210, 211, 219, 224, 225, 234], "excluded_lines": [], "start_line": 156}, "get_pipeline_cache_status": {"executed_lines": [250, 251], "summary": {"covered_lines": 2, "num_statements": 2, "percent_covered": 100.0, "percent_covered_display": "100", "missing_lines": 0, "excluded_lines": 0, "percent_statements_covered": 100.0, "percent_statements_covered_display": "100"}, "missing_lines": [], "excluded_lines": [], "start_line": 246}, "start_processing_job": {"executed_lines": [265, 266, 267, 269, 271, 272, 273, 281, 282, 292, 293, 294, 296, 297, 310, 311, 312, 313, 321], "summary": {"covered_lines": 19, "num_statements": 21, "percent_covered": 90.47619047619048, "percent_covered_display": "90", "missing_lines": 2, "excluded_lines": 0, "percent_statements_covered": 90.47619047619048, "percent_statements_covered_display": "90"}, "missing_lines": [268, 270], "excluded_lines": [], "start_line": 259}, "list_jobs": {"executed_lines": [337, 338], "summary": {"covered_lines": 2, "num_statements": 2, "percent_covered": 100.0, "percent_covered_display": "100", "missing_lines": 0, "excluded_lines": 0, "percent_statements_covered": 100.0, "percent_statements_covered_display": "100"}, "missing_lines": [], "excluded_lines": [], "start_line": 333}, "cancel_job": {"executed_lines": [353, 356, 357, 358, 359, 362, 363, 364, 366, 367, 371, 372], "summary": {"covered_lines": 12, "num_statements": 16, "percent_covered": 75.0, "percent_covered_display": "75", "missing_lines": 4, "excluded_lines": 0, "percent_statements_covered": 75.0, "percent_statements_covered_display": "75"}, "missing_lines": [354, 360, 368, 369], "excluded_lines": [], "start_line": 348}, "": {"executed_lines": [10, 11, 12, 13, 14, 16, 17, 19, 20, 21, 22, 23, 24, 25, 26, 27, 28, 29, 37, 38, 40, 43, 54, 64, 74, 145, 146, 156, 244, 245, 246, 257, 258, 259, 332, 333, 347, 348], "summary": {"covered_lines": 38, "num_statements": 38, "percent_covered": 100.0, "percent_covered_display": "100", "missing_lines": 0, "excluded_lines": 0, "percent_statements_covered": 100.0, "percent_statements_covered_display": "100"}, "missing_lines": [], "excluded_lines": [], "start_line": 1}}, "classes": {"": {"executed_lines": [10, 11, 12, 13, 14, 16, 17, 19, 20, 21, 22, 23, 24, 25, 26, 27, 28, 29, 37, 38, 40, 43, 44, 45, 47, 48, 49, 50, 54, 55, 56, 64, 65, 66, 74, 76, 77, 78, 82, 83, 85, 86, 87, 93, 95, 100, 101, 114, 115, 119, 120, 126, 145, 146, 156, 157, 162, 163, 168, 169, 244, 245, 246, 250, 251, 257, 258, 259, 265, 266, 267, 269, 271, 272, 273, 281, 282, 292, 293, 294, 296, 297, 310, 311, 312, 313, 321, 332, 333, 337, 338, 347, 348, 353, 356, 357, 358, 359, 362, 363, 364, 366, 367, 371, 372], "summary": {"covered_lines": 105, "num_statements": 153, "percent_covered": 68.62745098039215, "percent_covered_display": "69", "missing_lines": 48, "excluded_lines": 0, "percent_statements_covered": 68.62745098039215, "percent_statements_covered_display": "69"}, "missing_lines": [46, 51, 57, 58, 59, 60, 61, 67, 79, 80, 121, 122, 123, 124, 128, 129, 130, 131, 132, 133, 135, 136, 137, 138, 150, 171, 172, 173, 174, 176, 177, 186, 198, 199, 200, 209, 210, 211, 219, 224, 225, 234, 268, 270, 354, 360, 368, 369], "excluded_lines": [], "start_line": 1}}}, "backend/api/routes/social.py": {"executed_lines": [3, 5, 6, 7, 8, 10, 11, 12, 13, 15, 16, 17, 18, 19, 20, 21, 33, 35, 38, 39, 40, 43, 44, 45, 46, 48, 49, 50, 51, 53, 54, 55, 56, 59, 60, 61, 62, 64, 65, 66, 67, 69, 72, 73, 74, 75, 76, 77, 78, 79, 80, 82, 83, 84, 85, 87, 88, 89, 90, 92, 93, 94, 96, 98, 101, 102, 105, 106, 107, 113, 114, 115, 117, 118, 122, 123, 124, 125, 129, 132, 133, 134, 135, 145, 151, 152, 156, 157, 164, 165, 166, 173, 180, 181, 193, 194, 197, 198, 205, 206, 207, 208, 212, 219, 220, 226, 227, 228, 232, 233, 234, 237, 238, 243, 244, 247, 248, 249, 255, 258, 259, 265, 266, 267, 271, 272, 273, 274, 280, 281, 286, 287, 290, 291, 292, 295, 296, 309, 310, 312, 313, 314, 315, 316, 318, 319, 322, 323, 324, 327, 328, 329, 331, 347, 348, 353, 354, 357, 358, 359, 362, 363, 380, 386, 387, 388, 389, 390, 391, 392, 393, 394, 396, 397, 405, 408, 409, 414, 415, 416, 419, 420, 421, 424, 425, 429, 430, 431, 434, 435, 438, 439, 440, 441, 444, 451, 452, 456, 457, 458, 461, 462, 463, 467, 468, 470], "summary": {"covered_lines": 206, "num_statements": 252, "percent_covered": 81.74603174603175, "percent_covered_display": "82", "missing_lines": 46, "excluded_lines": 0, "percent_statements_covered": 81.74603174603175, "percent_statements_covered_display": "82"}, "missing_lines": [68, 95, 97, 119, 120, 126, 127, 161, 162, 185, 186, 187, 199, 209, 210, 229, 230, 245, 268, 269, 288, 293, 317, 320, 321, 355, 360, 375, 376, 377, 378, 398, 403, 417, 418, 432, 436, 442, 443, 446, 447, 448, 459, 464, 465, 469], "excluded_lines": [], "functions": {"SocialDraftRequest.validate_project": {"executed_lines": [51], "summary": {"covered_lines": 1, "num_statements": 1, "percent_covered": 100.0, "percent_covered_display": "100", "missing_lines": 0, "excluded_lines": 0, "percent_statements_covered": 100.0, "percent_statements_covered_display": "100"}, "missing_lines": [], "excluded_lines": [], "start_line": 50}, "SocialDraftRequest.validate_clip": {"executed_lines": [56], "summary": {"covered_lines": 1, "num_statements": 1, "percent_covered": 100.0, "percent_covered_display": "100", "missing_lines": 0, "excluded_lines": 0, "percent_statements_covered": 100.0, "percent_statements_covered_display": "100"}, "missing_lines": [], "excluded_lines": [], "start_line": 55}, "SocialPublishTarget.validate_platform": {"executed_lines": [67, 69], "summary": {"covered_lines": 2, "num_statements": 3, "percent_covered": 66.66666666666667, "percent_covered_display": "67", "missing_lines": 1, "excluded_lines": 0, "percent_statements_covered": 66.66666666666667, "percent_statements_covered_display": "67"}, "missing_lines": [68], "excluded_lines": [], "start_line": 66}, "SocialPublishRequest.validate_project": {"executed_lines": [85], "summary": {"covered_lines": 1, "num_statements": 1, "percent_covered": 100.0, "percent_covered_display": "100", "missing_lines": 0, "excluded_lines": 0, "percent_statements_covered": 100.0, "percent_statements_covered_display": "100"}, "missing_lines": [], "excluded_lines": [], "start_line": 84}, "SocialPublishRequest.validate_clip": {"executed_lines": [90], "summary": {"covered_lines": 1, "num_statements": 1, "percent_covered": 100.0, "percent_covered_display": "100", "missing_lines": 0, "excluded_lines": 0, "percent_statements_covered": 100.0, "percent_statements_covered_display": "100"}, "missing_lines": [], "excluded_lines": [], "start_line": 89}, "SocialPublishRequest.validate_scheduling": {"executed_lines": [94, 96, 98], "summary": {"covered_lines": 3, "num_statements": 5, "percent_covered": 60.0, "percent_covered_display": "60", "missing_lines": 2, "excluded_lines": 0, "percent_statements_covered": 60.0, "percent_statements_covered_display": "60"}, "missing_lines": [95, 97], "excluded_lines": [], "start_line": 93}, "_parse_scheduled_at_utc": {"executed_lines": [114, 115, 117, 118, 122, 123, 124, 125, 129], "summary": {"covered_lines": 9, "num_statements": 13, "percent_covered": 69.23076923076923, "percent_covered_display": "69", "missing_lines": 4, "excluded_lines": 0, "percent_statements_covered": 69.23076923076923, "percent_statements_covered_display": "69"}, "missing_lines": [119, 120, 126, 127], "excluded_lines": [], "start_line": 113}, "_serialize_accounts": {"executed_lines": [133, 134, 135, 145], "summary": {"covered_lines": 4, "num_statements": 4, "percent_covered": 100.0, "percent_covered_display": "100", "missing_lines": 0, "excluded_lines": 0, "percent_statements_covered": 100.0, "percent_statements_covered_display": "100"}, "missing_lines": [], "excluded_lines": [], "start_line": 132}, "save_social_credentials": {"executed_lines": [156, 157, 164, 165, 166, 173], "summary": {"covered_lines": 6, "num_statements": 8, "percent_covered": 75.0, "percent_covered_display": "75", "missing_lines": 2, "excluded_lines": 0, "percent_statements_covered": 75.0, "percent_statements_covered_display": "75"}, "missing_lines": [161, 162], "excluded_lines": [], "start_line": 152}, "delete_social_credentials": {"executed_lines": [], "summary": {"covered_lines": 0, "num_statements": 3, "percent_covered": 0.0, "percent_covered_display": "0", "missing_lines": 3, "excluded_lines": 0, "percent_statements_covered": 0.0, "percent_statements_covered_display": "0"}, "missing_lines": [185, 186, 187], "excluded_lines": [], "start_line": 181}, "list_connected_accounts": {"executed_lines": [197, 198, 205, 206, 207, 208, 212], "summary": {"covered_lines": 7, "num_statements": 10, "percent_covered": 70.0, "percent_covered_display": "70", "missing_lines": 3, "excluded_lines": 0, "percent_statements_covered": 70.0, "percent_statements_covered_display": "70"}, "missing_lines": [199, 209, 210], "excluded_lines": [], "start_line": 194}, "get_social_prefill": {"executed_lines": [226, 227, 228, 232, 233, 234], "summary": {"covered_lines": 6, "num_statements": 8, "percent_covered": 75.0, "percent_covered_display": "75", "missing_lines": 2, "excluded_lines": 0, "percent_statements_covered": 75.0, "percent_statements_covered_display": "75"}, "missing_lines": [229, 230], "excluded_lines": [], "start_line": 220}, "save_social_drafts": {"executed_lines": [243, 244, 247, 248, 249, 255], "summary": {"covered_lines": 6, "num_statements": 7, "percent_covered": 85.71428571428571, "percent_covered_display": "86", "missing_lines": 1, "excluded_lines": 0, "percent_statements_covered": 85.71428571428571, "percent_statements_covered_display": "86"}, "missing_lines": [245], "excluded_lines": [], "start_line": 238}, "delete_social_drafts": {"executed_lines": [265, 266, 267, 271, 272, 273, 274], "summary": {"covered_lines": 7, "num_statements": 9, "percent_covered": 77.77777777777777, "percent_covered_display": "78", "missing_lines": 2, "excluded_lines": 0, "percent_statements_covered": 77.77777777777777, "percent_statements_covered_display": "78"}, "missing_lines": [268, 269], "excluded_lines": [], "start_line": 259}, "create_publish_jobs": {"executed_lines": [286, 287, 290, 291, 292, 295, 296, 309, 310, 312, 313, 314, 315, 316, 318, 319, 322, 323, 324, 327, 328, 329, 331], "summary": {"covered_lines": 23, "num_statements": 28, "percent_covered": 82.14285714285714, "percent_covered_display": "82", "missing_lines": 5, "excluded_lines": 0, "percent_statements_covered": 82.14285714285714, "percent_statements_covered_display": "82"}, "missing_lines": [288, 293, 317, 320, 321], "excluded_lines": [], "start_line": 281}, "dry_run_publish": {"executed_lines": [353, 354, 357, 358, 359, 362, 363, 380], "summary": {"covered_lines": 8, "num_statements": 14, "percent_covered": 57.142857142857146, "percent_covered_display": "57", "missing_lines": 6, "excluded_lines": 0, "percent_statements_covered": 57.142857142857146, "percent_statements_covered_display": "57"}, "missing_lines": [355, 360, 375, 376, 377, 378], "excluded_lines": [], "start_line": 348}, "export_social_media": {"executed_lines": [388, 389, 390, 391, 392, 393, 394, 396, 397, 405], "summary": {"covered_lines": 10, "num_statements": 12, "percent_covered": 83.33333333333333, "percent_covered_display": "83", "missing_lines": 2, "excluded_lines": 0, "percent_statements_covered": 83.33333333333333, "percent_statements_covered_display": "83"}, "missing_lines": [398, 403], "excluded_lines": [], "start_line": 387}, "list_publish_jobs": {"executed_lines": [414, 415, 416, 419, 420, 421], "summary": {"covered_lines": 6, "num_statements": 8, "percent_covered": 75.0, "percent_covered_display": "75", "missing_lines": 2, "excluded_lines": 0, "percent_statements_covered": 75.0, "percent_statements_covered_display": "75"}, "missing_lines": [417, 418], "excluded_lines": [], "start_line": 409}, "approve_publish_job": {"executed_lines": [429, 430, 431, 434, 435, 438, 439, 440, 441, 444], "summary": {"covered_lines": 10, "num_statements": 17, "percent_covered": 58.8235294117647, "percent_covered_display": "59", "missing_lines": 7, "excluded_lines": 0, "percent_statements_covered": 58.8235294117647, "percent_statements_covered_display": "59"}, "missing_lines": [432, 436, 442, 443, 446, 447, 448], "excluded_lines": [], "start_line": 425}, "cancel_publish_job": {"executed_lines": [456, 457, 458, 461, 462, 463, 467, 468, 470], "summary": {"covered_lines": 9, "num_statements": 13, "percent_covered": 69.23076923076923, "percent_covered_display": "69", "missing_lines": 4, "excluded_lines": 0, "percent_statements_covered": 69.23076923076923, "percent_statements_covered_display": "69"}, "missing_lines": [459, 464, 465, 469], "excluded_lines": [], "start_line": 452}, "": {"executed_lines": [3, 5, 6, 7, 8, 10, 11, 12, 13, 15, 16, 17, 18, 19, 20, 21, 33, 35, 38, 39, 40, 43, 44, 45, 46, 48, 49, 50, 53, 54, 55, 59, 60, 61, 62, 64, 65, 66, 72, 73, 74, 75, 76, 77, 78, 79, 80, 82, 83, 84, 87, 88, 89, 92, 93, 101, 102, 105, 106, 107, 113, 132, 151, 152, 180, 181, 193, 194, 219, 220, 237, 238, 258, 259, 280, 281, 347, 348, 386, 387, 408, 409, 424, 425, 451, 452], "summary": {"covered_lines": 86, "num_statements": 86, "percent_covered": 100.0, "percent_covered_display": "100", "missing_lines": 0, "excluded_lines": 0, "percent_statements_covered": 100.0, "percent_statements_covered_display": "100"}, "missing_lines": [], "excluded_lines": [], "start_line": 1}}, "classes": {"SocialCredentialRequest": {"executed_lines": [], "summary": {"covered_lines": 0, "num_statements": 0, "percent_covered": 100.0, "percent_covered_display": "100", "missing_lines": 0, "excluded_lines": 0, "percent_statements_covered": 100.0, "percent_statements_covered_display": "100"}, "missing_lines": [], "excluded_lines": [], "start_line": 38}, "SocialDraftRequest": {"executed_lines": [51, 56], "summary": {"covered_lines": 2, "num_statements": 2, "percent_covered": 100.0, "percent_covered_display": "100", "missing_lines": 0, "excluded_lines": 0, "percent_statements_covered": 100.0, "percent_statements_covered_display": "100"}, "missing_lines": [], "excluded_lines": [], "start_line": 43}, "SocialPublishTarget": {"executed_lines": [67, 69], "summary": {"covered_lines": 2, "num_statements": 3, "percent_covered": 66.66666666666667, "percent_covered_display": "67", "missing_lines": 1, "excluded_lines": 0, "percent_statements_covered": 66.66666666666667, "percent_statements_covered_display": "67"}, "missing_lines": [68], "excluded_lines": [], "start_line": 59}, "SocialPublishRequest": {"executed_lines": [85, 90, 94, 96, 98], "summary": {"covered_lines": 5, "num_statements": 7, "percent_covered": 71.42857142857143, "percent_covered_display": "71", "missing_lines": 2, "excluded_lines": 0, "percent_statements_covered": 71.42857142857143, "percent_statements_covered_display": "71"}, "missing_lines": [95, 97], "excluded_lines": [], "start_line": 72}, "SocialPublishDryRunRequest": {"executed_lines": [], "summary": {"covered_lines": 0, "num_statements": 0, "percent_covered": 100.0, "percent_covered_display": "100", "missing_lines": 0, "excluded_lines": 0, "percent_statements_covered": 100.0, "percent_statements_covered_display": "100"}, "missing_lines": [], "excluded_lines": [], "start_line": 101}, "JobActionResponse": {"executed_lines": [], "summary": {"covered_lines": 0, "num_statements": 0, "percent_covered": 100.0, "percent_covered_display": "100", "missing_lines": 0, "excluded_lines": 0, "percent_statements_covered": 100.0, "percent_statements_covered_display": "100"}, "missing_lines": [], "excluded_lines": [], "start_line": 105}, "": {"executed_lines": [3, 5, 6, 7, 8, 10, 11, 12, 13, 15, 16, 17, 18, 19, 20, 21, 33, 35, 38, 39, 40, 43, 44, 45, 46, 48, 49, 50, 53, 54, 55, 59, 60, 61, 62, 64, 65, 66, 72, 73, 74, 75, 76, 77, 78, 79, 80, 82, 83, 84, 87, 88, 89, 92, 93, 101, 102, 105, 106, 107, 113, 114, 115, 117, 118, 122, 123, 124, 125, 129, 132, 133, 134, 135, 145, 151, 152, 156, 157, 164, 165, 166, 173, 180, 181, 193, 194, 197, 198, 205, 206, 207, 208, 212, 219, 220, 226, 227, 228, 232, 233, 234, 237, 238, 243, 244, 247, 248, 249, 255, 258, 259, 265, 266, 267, 271, 272, 273, 274, 280, 281, 286, 287, 290, 291, 292, 295, 296, 309, 310, 312, 313, 314, 315, 316, 318, 319, 322, 323, 324, 327, 328, 329, 331, 347, 348, 353, 354, 357, 358, 359, 362, 363, 380, 386, 387, 388, 389, 390, 391, 392, 393, 394, 396, 397, 405, 408, 409, 414, 415, 416, 419, 420, 421, 424, 425, 429, 430, 431, 434, 435, 438, 439, 440, 441, 444, 451, 452, 456, 457, 458, 461, 462, 463, 467, 468, 470], "summary": {"covered_lines": 197, "num_statements": 240, "percent_covered": 82.08333333333333, "percent_covered_display": "82", "missing_lines": 43, "excluded_lines": 0, "percent_statements_covered": 82.08333333333333, "percent_statements_covered_display": "82"}, "missing_lines": [119, 120, 126, 127, 161, 162, 185, 186, 187, 199, 209, 210, 229, 230, 245, 268, 269, 288, 293, 317, 320, 321, 355, 360, 375, 376, 377, 378, 398, 403, 417, 418, 432, 436, 442, 443, 446, 447, 448, 459, 464, 465, 469], "excluded_lines": [], "start_line": 1}}}, "backend/api/schemas.py": {"executed_lines": [], "summary": {"covered_lines": 0, "num_statements": 8, "percent_covered": 0.0, "percent_covered_display": "0", "missing_lines": 8, "excluded_lines": 0, "percent_statements_covered": 0.0, "percent_statements_covered_display": "0"}, "missing_lines": [1, 3, 5, 8, 9, 10, 11, 12], "excluded_lines": [], "functions": {"": {"executed_lines": [], "summary": {"covered_lines": 0, "num_statements": 8, "percent_covered": 0.0, "percent_covered_display": "0", "missing_lines": 8, "excluded_lines": 0, "percent_statements_covered": 0.0, "percent_statements_covered_display": "0"}, "missing_lines": [1, 3, 5, 8, 9, 10, 11, 12], "excluded_lines": [], "start_line": 1}}, "classes": {"ErrorResponse": {"executed_lines": [], "summary": {"covered_lines": 0, "num_statements": 0, "percent_covered": 100.0, "percent_covered_display": "100", "missing_lines": 0, "excluded_lines": 0, "percent_statements_covered": 100.0, "percent_statements_covered_display": "100"}, "missing_lines": [], "excluded_lines": [], "start_line": 8}, "": {"executed_lines": [], "summary": {"covered_lines": 0, "num_statements": 8, "percent_covered": 0.0, "percent_covered_display": "0", "missing_lines": 8, "excluded_lines": 0, "percent_statements_covered": 0.0, "percent_statements_covered_display": "0"}, "missing_lines": [1, 3, 5, 8, 9, 10, 11, 12], "excluded_lines": [], "start_line": 1}}}, "backend/api/security.py": {"executed_lines": [6, 8, 9, 10, 11, 12, 14, 15, 16, 18, 19, 20, 22, 23, 25, 28, 29, 30, 31, 32, 33, 36, 64, 67, 68, 71, 72, 75, 76, 85, 86, 87, 88, 89, 91, 92, 93, 95, 97, 100, 101, 103, 104, 107, 108, 109, 110, 112, 113, 117, 120, 121, 124, 125, 126, 128, 129, 130, 131, 134, 143, 159, 160, 170, 200, 201, 202, 205, 206, 213, 214, 215, 220, 221, 222, 229, 230, 231, 232, 238, 239, 240, 241, 246, 247, 262, 263, 274, 283, 296, 297, 308, 312, 313, 314, 316, 317, 321, 322, 323, 326, 327, 328, 329, 330, 331, 340, 341, 342, 343, 344, 346, 347, 349, 350, 355, 363, 364, 365, 366, 376, 377, 385, 388, 393, 394, 395, 396, 402, 405, 406, 408, 409, 410, 417, 418, 420], "summary": {"covered_lines": 137, "num_statements": 195, "percent_covered": 70.25641025641026, "percent_covered_display": "70", "missing_lines": 58, "excluded_lines": 0, "percent_statements_covered": 70.25641025641026, "percent_statements_covered_display": "70"}, "missing_lines": [90, 94, 96, 98, 99, 102, 114, 115, 116, 135, 136, 137, 138, 139, 140, 144, 145, 146, 148, 149, 150, 151, 153, 154, 156, 161, 171, 172, 173, 174, 175, 176, 184, 185, 186, 187, 188, 189, 190, 191, 193, 194, 195, 196, 197, 203, 207, 208, 233, 252, 253, 255, 335, 336, 337, 345, 351, 352], "excluded_lines": [], "functions": {"_security_log_ws": {"executed_lines": [76], "summary": {"covered_lines": 1, "num_statements": 1, "percent_covered": 100.0, "percent_covered_display": "100", "missing_lines": 0, "excluded_lines": 0, "percent_statements_covered": 100.0, "percent_statements_covered_display": "100"}, "missing_lines": [], "excluded_lines": [], "start_line": 75}, "_parse_static_tokens": {"executed_lines": [86, 87, 88, 89, 91, 92, 93, 95, 97, 100, 101, 103, 104], "summary": {"covered_lines": 13, "num_statements": 19, "percent_covered": 68.42105263157895, "percent_covered_display": "68", "missing_lines": 6, "excluded_lines": 0, "percent_statements_covered": 68.42105263157895, "percent_statements_covered_display": "68"}, "missing_lines": [90, 94, 96, 98, 99, 102], "excluded_lines": [], "start_line": 85}, "_get_static_token_mapping": {"executed_lines": [108, 109, 110, 112, 113, 117], "summary": {"covered_lines": 6, "num_statements": 9, "percent_covered": 66.66666666666667, "percent_covered_display": "67", "missing_lines": 3, "excluded_lines": 0, "percent_statements_covered": 6
[...]
d_lines": [], "start_line": 1}}}, "backend/tests/test_workflows_batch.py": {"executed_lines": [1, 3, 4, 6, 9, 10, 11, 12, 14, 15, 16, 17, 18, 20, 21, 26, 35, 42, 52, 53, 58, 59], "summary": {"covered_lines": 22, "num_statements": 22, "percent_covered": 100.0, "percent_covered_display": "100", "missing_lines": 0, "excluded_lines": 0, "percent_statements_covered": 100.0, "percent_statements_covered_display": "100"}, "missing_lines": [], "excluded_lines": [], "functions": {"test_batch_workflow_includes_partially_overlapping_segments_for_analysis": {"executed_lines": [10, 11, 12, 14, 15, 20, 21, 26, 35, 42, 52, 53, 58, 59], "summary": {"covered_lines": 14, "num_statements": 14, "percent_covered": 100.0, "percent_covered_display": "100", "missing_lines": 0, "excluded_lines": 0, "percent_statements_covered": 100.0, "percent_statements_covered_display": "100"}, "missing_lines": [], "excluded_lines": [], "start_line": 9}, "test_batch_workflow_includes_partially_overlapping_segments_for_analysis.FakeAnalyzer.analyze_transcript_segment": {"executed_lines": [16, 17, 18], "summary": {"covered_lines": 3, "num_statements": 3, "percent_covered": 100.0, "percent_covered_display": "100", "missing_lines": 0, "excluded_lines": 0, "percent_statements_covered": 100.0, "percent_statements_covered_display": "100"}, "missing_lines": [], "excluded_lines": [], "start_line": 15}, "": {"executed_lines": [1, 3, 4, 6, 9], "summary": {"covered_lines": 5, "num_statements": 5, "percent_covered": 100.0, "percent_covered_display": "100", "missing_lines": 0, "excluded_lines": 0, "percent_statements_covered": 100.0, "percent_statements_covered_display": "100"}, "missing_lines": [], "excluded_lines": [], "start_line": 1}}, "classes": {"test_batch_workflow_includes_partially_overlapping_segments_for_analysis.FakeAnalyzer": {"executed_lines": [16, 17, 18], "summary": {"covered_lines": 3, "num_statements": 3, "percent_covered": 100.0, "percent_covered_display": "100", "missing_lines": 0, "excluded_lines": 0, "percent_statements_covered": 100.0, "percent_statements_covered_display": "100"}, "missing_lines": [], "excluded_lines": [], "start_line": 14}, "": {"executed_lines": [1, 3, 4, 6, 9, 10, 11, 12, 14, 15, 20, 21, 26, 35, 42, 52, 53, 58, 59], "summary": {"covered_lines": 19, "num_statements": 19, "percent_covered": 100.0, "percent_covered_display": "100", "missing_lines": 0, "excluded_lines": 0, "percent_statements_covered": 100.0, "percent_statements_covered_display": "100"}, "missing_lines": [], "excluded_lines": [], "start_line": 1}}}, "backend/tests/test_workflows_pipeline.py": {"executed_lines": [1, 3, 4, 5, 7, 8, 9, 10, 13, 14, 15, 16, 18, 19, 20, 21, 22, 24, 25, 27, 34, 36, 37, 38, 39, 40, 41, 44, 45, 47, 48, 50, 51, 52, 54, 56, 57, 58, 59, 60, 61, 63, 65, 71, 75, 76, 77, 78, 79], "summary": {"covered_lines": 49, "num_statements": 49, "percent_covered": 100.0, "percent_covered_display": "100", "missing_lines": 0, "excluded_lines": 0, "percent_statements_covered": 100.0, "percent_statements_covered_display": "100"}, "missing_lines": [], "excluded_lines": [], "functions": {"test_pipeline_ensure_transcript_passes_cancel_event_as_keyword": {"executed_lines": [14, 15, 16, 18, 24, 25, 27, 34, 36, 37, 38, 39, 40, 41], "summary": {"covered_lines": 14, "num_statements": 14, "percent_covered": 100.0, "percent_covered_display": "100", "missing_lines": 0, "excluded_lines": 0, "percent_statements_covered": 100.0, "percent_statements_covered_display": "100"}, "missing_lines": [], "excluded_lines": [], "start_line": 13}, "test_pipeline_ensure_transcript_passes_cancel_event_as_keyword.fake_run_transcription": {"executed_lines": [19, 20, 21, 22], "summary": {"covered_lines": 4, "num_statements": 4, "percent_covered": 100.0, "percent_covered_display": "100", "missing_lines": 0, "excluded_lines": 0, "percent_statements_covered": 100.0, "percent_statements_covered_display": "100"}, "missing_lines": [], "excluded_lines": [], "start_line": 18}, "test_ensure_pipeline_master_assets_recovers_missing_audio_even_when_transcript_exists": {"executed_lines": [45, 47, 48, 50, 51, 52, 54, 56, 63, 65, 71, 75, 76, 77, 78, 79], "summary": {"covered_lines": 16, "num_statements": 16, "percent_covered": 100.0, "percent_covered_display": "100", "missing_lines": 0, "excluded_lines": 0, "percent_statements_covered": 100.0, "percent_statements_covered_display": "100"}, "missing_lines": [], "excluded_lines": [], "start_line": 44}, "test_ensure_pipeline_master_assets_recovers_missing_audio_even_when_transcript_exists.fake_extract_audio_async": {"executed_lines": [57, 58, 59, 60, 61], "summary": {"covered_lines": 5, "num_statements": 5, "percent_covered": 100.0, "percent_covered_display": "100", "missing_lines": 0, "excluded_lines": 0, "percent_statements_covered": 100.0, "percent_statements_covered_display": "100"}, "missing_lines": [], "excluded_lines": [], "start_line": 56}, "": {"executed_lines": [1, 3, 4, 5, 7, 8, 9, 10, 13, 44], "summary": {"covered_lines": 10, "num_statements": 10, "percent_covered": 100.0, "percent_covered_display": "100", "missing_lines": 0, "excluded_lines": 0, "percent_statements_covered": 100.0, "percent_statements_covered_display": "100"}, "missing_lines": [], "excluded_lines": [], "start_line": 1}}, "classes": {"": {"executed_lines": [1, 3, 4, 5, 7, 8, 9, 10, 13, 14, 15, 16, 18, 19, 20, 21, 22, 24, 25, 27, 34, 36, 37, 38, 39, 40, 41, 44, 45, 47, 48, 50, 51, 52, 54, 56, 57, 58, 59, 60, 61, 63, 65, 71, 75, 76, 77, 78, 79], "summary": {"covered_lines": 49, "num_statements": 49, "percent_covered": 100.0, "percent_covered_display": "100", "missing_lines": 0, "excluded_lines": 0, "percent_statements_covered": 100.0, "percent_statements_covered_display": "100"}, "missing_lines": [], "excluded_lines": [], "start_line": 1}}}, "backend/tests/test_workflows_refactor_guardrails.py": {"executed_lines": [3, 5, 7, 9, 10, 18, 19, 20, 23, 24, 25, 26, 27, 28, 31, 32, 40], "summary": {"covered_lines": 17, "num_statements": 17, "percent_covered": 100.0, "percent_covered_display": "100", "missing_lines": 0, "excluded_lines": 0, "percent_statements_covered": 100.0, "percent_statements_covered_display": "100"}, "missing_lines": [], "excluded_lines": [], "functions": {"test_workflows_facade_is_thin": {"executed_lines": [19, 20], "summary": {"covered_lines": 2, "num_statements": 2, "percent_covered": 100.0, "percent_covered_display": "100", "missing_lines": 0, "excluded_lines": 0, "percent_statements_covered": 100.0, "percent_statements_covered_display": "100"}, "missing_lines": [], "excluded_lines": [], "start_line": 18}, "test_workflow_module_line_budgets": {"executed_lines": [24, 25, 26, 27, 28], "summary": {"covered_lines": 5, "num_statements": 5, "percent_covered": 100.0, "percent_covered_display": "100", "missing_lines": 0, "excluded_lines": 0, "percent_statements_covered": 100.0, "percent_statements_covered_display": "100"}, "missing_lines": [], "excluded_lines": [], "start_line": 23}, "test_workflows_public_exports_are_stable": {"executed_lines": [32, 40], "summary": {"covered_lines": 2, "num_statements": 2, "percent_covered": 100.0, "percent_covered_display": "100", "missing_lines": 0, "excluded_lines": 0, "percent_statements_covered": 100.0, "percent_statements_covered_display": "100"}, "missing_lines": [], "excluded_lines": [], "start_line": 31}, "": {"executed_lines": [3, 5, 7, 9, 10, 18, 23, 31], "summary": {"covered_lines": 8, "num_statements": 8, "percent_covered": 100.0, "percent_covered_display": "100", "missing_lines": 0, "excluded_lines": 0, "percent_statements_covered": 100.0, "percent_statements_covered_display": "100"}, "missing_lines": [], "excluded_lines": [], "start_line": 1}}, "classes": {"": {"executed_lines": [3, 5, 7, 9, 10, 18, 19, 20, 23, 24, 25, 26, 27, 28, 31, 32, 40], "summary": {"covered_lines": 17, "num_statements": 17, "percent_covered": 100.0, "percent_covered_display": "100", "missing_lines": 0, "excluded_lines": 0, "percent_statements_covered": 100.0, "percent_statements_covered_display": "100"}, "missing_lines": [], "excluded_lines": [], "start_line": 1}}}, "backend/tests/test_workspace_reset.py": {"executed_lines": [1, 3, 5, 7, 8, 11, 12, 13, 14, 15, 18, 22, 23, 24, 25, 27, 28, 29, 30, 32, 33, 34, 35, 37, 39, 45, 46, 47, 48, 51, 55, 56, 57, 59, 60, 62], "summary": {"covered_lines": 36, "num_statements": 36, "percent_covered": 100.0, "percent_covered_display": "100", "missing_lines": 0, "excluded_lines": 0, "percent_statements_covered": 100.0, "percent_statements_covered_display": "100"}, "missing_lines": [], "excluded_lines": [], "functions": {"_write_tree": {"executed_lines": [12, 13, 14, 15], "summary": {"covered_lines": 4, "num_statements": 4, "percent_covered": 100.0, "percent_covered_display": "100", "missing_lines": 0, "excluded_lines": 0, "percent_statements_covered": 100.0, "percent_statements_covered_display": "100"}, "missing_lines": [], "excluded_lines": [], "start_line": 11}, "test_reset_workspace_for_subject_layout_clears_legacy_roots_and_recreates_them": {"executed_lines": [22, 23, 24, 25, 27, 28, 29, 30, 32, 33, 34, 35, 37, 39, 45, 46, 47, 48], "summary": {"covered_lines": 18, "num_statements": 18, "percent_covered": 100.0, "percent_covered_display": "100", "missing_lines": 0, "excluded_lines": 0, "percent_statements_covered": 100.0, "percent_statements_covered_display": "100"}, "missing_lines": [], "excluded_lines": [], "start_line": 18}, "test_reset_workspace_requires_explicit_confirmation": {"executed_lines": [55, 56, 57, 59, 60, 62], "summary": {"covered_lines": 6, "num_statements": 6, "percent_covered": 100.0, "percent_covered_display": "100", "missing_lines": 0, "excluded_lines": 0, "percent_statements_covered": 100.0, "percent_statements_covered_display": "100"}, "missing_lines": [], "excluded_lines": [], "start_line": 51}, "": {"executed_lines": [1, 3, 5, 7, 8, 11, 18, 51], "summary": {"covered_lines": 8, "num_statements": 8, "percent_covered": 100.0, "percent_covered_display": "100", "missing_lines": 0, "excluded_lines": 0, "percent_statements_covered": 100.0, "percent_statements_covered_display": "100"}, "missing_lines": [], "excluded_lines": [], "start_line": 1}}, "classes": {"": {"executed_lines": [1, 3, 5, 7, 8, 11, 12, 13, 14, 15, 18, 22, 23, 24, 25, 27, 28, 29, 30, 32, 33, 34, 35, 37, 39, 45, 46, 47, 48, 51, 55, 56, 57, 59, 60, 62], "summary": {"covered_lines": 36, "num_statements": 36, "percent_covered": 100.0, "percent_covered_display": "100", "missing_lines": 0, "excluded_lines": 0, "percent_statements_covered": 100.0, "percent_statements_covered_display": "100"}, "missing_lines": [], "excluded_lines": [], "start_line": 1}}}, "backend/tests/unit/test_job_lifecycle.py": {"executed_lines": [1, 3, 6, 7, 8, 10, 11, 14, 15, 16, 17, 18, 19, 21, 22, 24, 25, 26, 27, 28, 29, 32, 33, 34, 36, 38, 39], "summary": {"covered_lines": 27, "num_statements": 27, "percent_covered": 100.0, "percent_covered_display": "100", "missing_lines": 0, "excluded_lines": 0, "percent_statements_covered": 100.0, "percent_statements_covered_display": "100"}, "missing_lines": [], "excluded_lines": [], "functions": {"DummyWs.__init__": {"executed_lines": [8], "summary": {"covered_lines": 1, "num_statements": 1, "percent_covered": 100.0, "percent_covered_display": "100", "missing_lines": 0, "excluded_lines": 0, "percent_statements_covered": 100.0, "percent_statements_covered_display": "100"}, "missing_lines": [], "excluded_lines": [], "start_line": 7}, "DummyWs.send_json": {"executed_lines": [11], "summary": {"covered_lines": 1, "num_statements": 1, "percent_covered": 100.0, "percent_covered_display": "100", "missing_lines": 0, "excluded_lines": 0, "percent_statements_covered": 100.0, "percent_statements_covered_display": "100"}, "missing_lines": [], "excluded_lines": [], "start_line": 10}, "test_job_lifecycle_queued_processing_completed": {"executed_lines": [15, 16, 17, 18, 19, 21, 22, 24, 25, 26, 27, 28, 29], "summary": {"covered_lines": 13, "num_statements": 13, "percent_covered": 100.0, "percent_covered_display": "100", "missing_lines": 0, "excluded_lines": 0, "percent_statements_covered": 100.0, "percent_statements_covered_display": "100"}, "missing_lines": [], "excluded_lines": [], "start_line": 14}, "test_job_lifecycle_processing_error": {"executed_lines": [33, 34, 36, 38, 39], "summary": {"covered_lines": 5, "num_statements": 5, "percent_covered": 100.0, "percent_covered_display": "100", "missing_lines": 0, "excluded_lines": 0, "percent_statements_covered": 100.0, "percent_statements_covered_display": "100"}, "missing_lines": [], "excluded_lines": [], "start_line": 32}, "": {"executed_lines": [1, 3, 6, 7, 10, 14, 32], "summary": {"covered_lines": 7, "num_statements": 7, "percent_covered": 100.0, "percent_covered_display": "100", "missing_lines": 0, "excluded_lines": 0, "percent_statements_covered": 100.0, "percent_statements_covered_display": "100"}, "missing_lines": [], "excluded_lines": [], "start_line": 1}}, "classes": {"DummyWs": {"executed_lines": [8, 11], "summary": {"covered_lines": 2, "num_statements": 2, "percent_covered": 100.0, "percent_covered_display": "100", "missing_lines": 0, "excluded_lines": 0, "percent_statements_covered": 100.0, "percent_statements_covered_display": "100"}, "missing_lines": [], "excluded_lines": [], "start_line": 6}, "": {"executed_lines": [1, 3, 6, 7, 10, 14, 15, 16, 17, 18, 19, 21, 22, 24, 25, 26, 27, 28, 29, 32, 33, 34, 36, 38, 39], "summary": {"covered_lines": 25, "num_statements": 25, "percent_covered": 100.0, "percent_covered_display": "100", "missing_lines": 0, "excluded_lines": 0, "percent_statements_covered": 100.0, "percent_statements_covered_display": "100"}, "missing_lines": [], "excluded_lines": [], "start_line": 1}}}, "backend/tests/unit/test_upload_prepare_project.py": {"executed_lines": [1, 3, 4, 5, 7, 9, 10, 11, 14, 15, 16, 17, 19, 20, 26, 28, 29, 30, 31, 32, 33, 34, 37, 38, 39, 40, 42, 43, 44, 45, 46, 47, 48, 49, 50, 51, 52, 54, 60, 62, 63, 64, 67, 68, 69, 70, 72, 73, 78, 84, 85, 87, 88, 89, 90, 91], "summary": {"covered_lines": 56, "num_statements": 56, "percent_covered": 100.0, "percent_covered_display": "100", "missing_lines": 0, "excluded_lines": 0, "percent_statements_covered": 100.0, "percent_statements_covered_display": "100"}, "missing_lines": [], "excluded_lines": [], "functions": {"test_prepare_uploaded_project_streams_to_project_dir": {"executed_lines": [15, 16, 17, 19, 20, 26, 28, 29, 30, 31, 32, 33, 34], "summary": {"covered_lines": 13, "num_statements": 13, "percent_covered": 100.0, "percent_covered_display": "100", "missing_lines": 0, "excluded_lines": 0, "percent_statements_covered": 100.0, "percent_statements_covered_display": "100"}, "missing_lines": [], "excluded_lines": [], "start_line": 14}, "test_prepare_uploaded_project_reuses_existing_cached_project": {"executed_lines": [38, 39, 40, 42, 43, 44, 45, 46, 47, 48, 49, 50, 51, 52, 54, 60, 62, 63, 64], "summary": {"covered_lines": 19, "num_statements": 19, "percent_covered": 100.0, "percent_covered_display": "100", "missing_lines": 0, "excluded_lines": 0, "percent_statements_covered": 100.0, "percent_statements_covered_display": "100"}, "missing_lines": [], "excluded_lines": [], "start_line": 37}, "test_prepare_uploaded_project_isolated_by_subject": {"executed_lines": [68, 69, 70, 72, 73, 78, 84, 85, 87, 88, 89, 90, 91], "summary": {"covered_lines": 13, "num_statements": 13, "percent_covered": 100.0, "percent_covered_display": "100", "missing_lines": 0, "excluded_lines": 0, "percent_statements_covered": 100.0, "percent_statements_covered_display": "100"}, "missing_lines": [], "excluded_lines": [], "start_line": 67}, "": {"executed_lines": [1, 3, 4, 5, 7, 9, 10, 11, 14, 37, 67], "summary": {"covered_lines": 11, "num_statements": 11, "percent_covered": 100.0, "percent_covered_display": "100", "missing_lines": 0, "excluded_lines": 0, "percent_statements_covered": 100.0, "percent_statements_covered_display": "100"}, "missing_lines": [], "excluded_lines": [], "start_line": 1}}, "classes": {"": {"executed_lines": [1, 3, 4, 5, 7, 9, 10, 11, 14, 15, 16, 17, 19, 20, 26, 28, 29, 30, 31, 32, 33, 34, 37, 38, 39, 40, 42, 43, 44, 45, 46, 47, 48, 49, 50, 51, 52, 54, 60, 62, 63, 64, 67, 68, 69, 70, 72, 73, 78, 84, 85, 87, 88, 89, 90, 91], "summary": {"covered_lines": 56, "num_statements": 56, "percent_covered": 100.0, "percent_covered_display": "100", "missing_lines": 0, "excluded_lines": 0, "percent_statements_covered": 100.0, "percent_statements_covered_display": "100"}, "missing_lines": [], "excluded_lines": [], "start_line": 1}}}, "backend/tests/unit/test_upload_validation.py": {"executed_lines": [1, 2, 3, 5, 6, 8, 9, 12, 13, 16, 17, 20, 21, 22, 23, 24, 27, 28, 29, 30, 32, 34, 35, 36, 39, 40, 42, 43, 45], "summary": {"covered_lines": 29, "num_statements": 29, "percent_covered": 100.0, "percent_covered_display": "100", "missing_lines": 0, "excluded_lines": 0, "percent_statements_covered": 100.0, "percent_statements_covered_display": "100"}, "missing_lines": [], "excluded_lines": [], "functions": {"_upload": {"executed_lines": [13], "summary": {"covered_lines": 1, "num_statements": 1, "percent_covered": 100.0, "percent_covered_display": "100", "missing_lines": 0, "excluded_lines": 0, "percent_statements_covered": 100.0, "percent_statements_covered_display": "100"}, "missing_lines": [], "excluded_lines": [], "start_line": 12}, "test_upload_validation_accepts_supported_type_and_extension": {"executed_lines": [17], "summary": {"covered_lines": 1, "num_statements": 1, "percent_covered": 100.0, "percent_covered_display": "100", "missing_lines": 0, "excluded_lines": 0, "percent_statements_covered": 100.0, "percent_statements_covered_display": "100"}, "missing_lines": [], "excluded_lines": [], "start_line": 16}, "test_upload_validation_rejects_invalid_file": {"executed_lines": [22, 23, 24], "summary": {"covered_lines": 3, "num_statements": 3, "percent_covered": 100.0, "percent_covered_display": "100", "missing_lines": 0, "excluded_lines": 0, "percent_statements_covered": 100.0, "percent_statements_covered_display": "100"}, "missing_lines": [], "excluded_lines": [], "start_line": 21}, "test_stream_upload_to_path_writes_bytes_and_returns_hash": {"executed_lines": [28, 29, 30, 32, 34, 35, 36], "summary": {"covered_lines": 7, "num_statements": 7, "percent_covered": 100.0, "percent_covered_display": "100", "missing_lines": 0, "excluded_lines": 0, "percent_statements_covered": 100.0, "percent_statements_covered_display": "100"}, "missing_lines": [], "excluded_lines": [], "start_line": 27}, "test_stream_upload_to_path_rejects_oversized_payload": {"executed_lines": [40, 42, 43, 45], "summary": {"covered_lines": 4, "num_statements": 4, "percent_covered": 100.0, "percent_covered_display": "100", "missing_lines": 0, "excluded_lines": 0, "percent_statements_covered": 100.0, "percent_statements_covered_display": "100"}, "missing_lines": [], "excluded_lines": [], "start_line": 39}, "": {"executed_lines": [1, 2, 3, 5, 6, 8, 9, 12, 16, 20, 21, 27, 39], "summary": {"covered_lines": 13, "num_statements": 13, "percent_covered": 100.0, "percent_covered_display": "100", "missing_lines": 0, "excluded_lines": 0, "percent_statements_covered": 100.0, "percent_statements_covered_display": "100"}, "missing_lines": [], "excluded_lines": [], "start_line": 1}}, "classes": {"": {"executed_lines": [1, 2, 3, 5, 6, 8, 9, 12, 13, 16, 17, 20, 21, 22, 23, 24, 27, 28, 29, 30, 32, 34, 35, 36, 39, 40, 42, 43, 45], "summary": {"covered_lines": 29, "num_statements": 29, "percent_covered": 100.0, "percent_covered_display": "100", "missing_lines": 0, "excluded_lines": 0, "percent_statements_covered": 100.0, "percent_statements_covered_display": "100"}, "missing_lines": [], "excluded_lines": [], "start_line": 1}}}}, "totals": {"covered_lines": 8487, "num_statements": 11550, "percent_covered": 73.48051948051948, "percent_covered_display": "73", "missing_lines": 3063, "excluded_lines": 100, "percent_statements_covered": 73.48051948051948, "percent_statements_covered_display": "73"}}